#
# There is insufficient memory for the Java Runtime Environment to continue.
# Native memory allocation (malloc) failed to allocate 32784 bytes for Chunk::new
# Possible reasons:
#   The system is out of physical RAM or swap space
#   The process is running with CompressedOops enabled, and the Java Heap may be blocking the growth of the native heap
# Possible solutions:
#   Reduce memory load on the system
#   Increase physical memory or swap space
#   Check if swap backing store is full
#   Decrease Java heap size (-Xmx/-Xms)
#   Decrease number of Java threads
#   Decrease Java thread stack sizes (-Xss)
#   Set larger code cache with -XX:ReservedCodeCacheSize=
#   JVM is running with Unscaled Compressed Oops mode in which the Java heap is
#     placed in the first 4GB address space. The Java Heap base address is the
#     maximum limit for the native heap growth. Please use -XX:HeapBaseMinAddress
#     to set the Java Heap base and to place the Java Heap above 4GB virtual address.
# This output file may be truncated or incomplete.
#
#  Out of Memory Error (./open/src/hotspot/share/memory/arena.cpp:197), pid=5348, tid=4784
#
# JRE version: Java(TM) SE Runtime Environment 18.9 (11.0.10+8) (build 11.0.10+8-LTS-162)
# Java VM: Java HotSpot(TM) 64-Bit Server VM 18.9 (11.0.10+8-LTS-162, mixed mode, tiered, compressed oops, g1 gc, windows-amd64)
# No core dump will be written. Minidumps are not enabled by default on client versions of Windows
#

---------------  S U M M A R Y ------------

Command Line: -javaagent:C:\Program Files\JetBrains\IntelliJ IDEA Community Edition 2021.2.3\lib\idea_rt.jar=1177:C:\Program Files\JetBrains\IntelliJ IDEA Community Edition 2021.2.3\bin -Dfile.encoding=UTF-8 sch.binadharma.spp.SchoolPaymentApplication

Host: Intel(R) Core(TM) i5-2520M CPU @ 2.50GHz, 4 cores, 3G,  Windows 7 , 64 bit Build 7601 (6.1.7601.24524)
Time: Mon Jun 20 06:01:05 2022 SE Asia Standard Time elapsed time: 263.743166 seconds (0d 0h 4m 23s)

---------------  T H R E A D  ---------------

Current thread (0x000000005fc4a800):  JavaThread "C2 CompilerThread0" daemon [_thread_in_native, id=4784, stack(0x00000000605c0000,0x00000000606c0000)]


Current CompileTask:
C2: 263743 8680       4       java.util.AbstractCollection::containsAll (38 bytes)

Stack: [0x00000000605c0000,0x00000000606c0000]
Native frames: (J=compiled Java code, j=interpreted, Vv=VM code, C=native code)
V  [jvm.dll+0x613e6a]
V  [jvm.dll+0x74c1ff]
V  [jvm.dll+0x74d885]
V  [jvm.dll+0x74df03]
V  [jvm.dll+0x243b78]
V  [jvm.dll+0xba2cc]
V  [jvm.dll+0xba43d]
V  [jvm.dll+0x5f449f]
V  [jvm.dll+0x52c2a8]
V  [jvm.dll+0x20555d]
V  [jvm.dll+0x1ff4aa]
V  [jvm.dll+0x1fc42f]
V  [jvm.dll+0x17f09c]
V  [jvm.dll+0x20bbd4]
V  [jvm.dll+0x209cab]
V  [jvm.dll+0x713619]
V  [jvm.dll+0x70c314]
V  [jvm.dll+0x613036]
C  [ucrtbase.DLL+0x1d912]
C  [kernel32.dll+0x1556d]
C  [ntdll.dll+0x5385d]


---------------  P R O C E S S  ---------------

Threads class SMR info:
_java_thread_list=0x0000000061429c30, length=38, elements={
0x000000005fc2f000, 0x000000005fc30800, 0x000000005fc45000, 0x000000005fc49000,
0x000000005fc4a800, 0x000000005fc4d800, 0x000000005fcae000, 0x0000000060afd000,
0x000000006131f000, 0x000000006131f800, 0x0000000064da6800, 0x0000000064da7800,
0x0000000064da8000, 0x0000000064da9000, 0x0000000064dab800, 0x0000000064dac800,
0x0000000064dad000, 0x000000006636c000, 0x000000006636d000, 0x000000006636e000,
0x000000006636e800, 0x000000006636f800, 0x0000000066370000, 0x0000000066371000,
0x0000000066372000, 0x0000000066372800, 0x0000000065a0a000, 0x0000000065a0b000,
0x0000000065a0c000, 0x0000000065a0c800, 0x0000000065a0d800, 0x0000000065a0e800,
0x0000000065a0f000, 0x0000000065a10000, 0x0000000065a10800, 0x000000006612c000,
0x000000006612c800, 0x000000006612d800
}

Java Threads: ( => current thread )
  0x000000005fc2f000 JavaThread "Reference Handler" daemon [_thread_blocked, id=5164, stack(0x000000005ff30000,0x0000000060030000)]
  0x000000005fc30800 JavaThread "Finalizer" daemon [_thread_blocked, id=4944, stack(0x0000000060190000,0x0000000060290000)]
  0x000000005fc45000 JavaThread "Signal Dispatcher" daemon [_thread_blocked, id=2648, stack(0x0000000060300000,0x0000000060400000)]
  0x000000005fc49000 JavaThread "Attach Listener" daemon [_thread_blocked, id=1688, stack(0x0000000060410000,0x0000000060510000)]
=>0x000000005fc4a800 JavaThread "C2 CompilerThread0" daemon [_thread_in_native, id=4784, stack(0x00000000605c0000,0x00000000606c0000)]
  0x000000005fc4d800 JavaThread "C1 CompilerThread0" daemon [_thread_blocked, id=3556, stack(0x0000000060070000,0x0000000060170000)]
  0x000000005fcae000 JavaThread "Sweeper thread" daemon [_thread_blocked, id=5904, stack(0x0000000060810000,0x0000000060910000)]
  0x0000000060afd000 JavaThread "Common-Cleaner" daemon [_thread_blocked, id=4388, stack(0x0000000060ea0000,0x0000000060fa0000)]
  0x000000006131f000 JavaThread "Monitor Ctrl-Break" daemon [_thread_in_native, id=4144, stack(0x00000000619c0000,0x0000000061ac0000)]
  0x000000006131f800 JavaThread "Service Thread" daemon [_thread_blocked, id=6056, stack(0x0000000061b50000,0x0000000061c50000)]
  0x0000000064da6800 JavaThread "Catalina-utility-1" [_thread_blocked, id=1100, stack(0x00000000641b0000,0x00000000642b0000)]
  0x0000000064da7800 JavaThread "Catalina-utility-2" [_thread_blocked, id=4740, stack(0x00000000637a0000,0x00000000638a0000)]
  0x0000000064da8000 JavaThread "container-0" [_thread_blocked, id=5156, stack(0x0000000067b20000,0x0000000067c20000)]
  0x0000000064da9000 JavaThread "HikariPool-1 housekeeper" daemon [_thread_blocked, id=4780, stack(0x000000006a5a0000,0x000000006a6a0000)]
  0x0000000064dab800 JavaThread "File Watcher" daemon [_thread_blocked, id=6156, stack(0x000000006ba20000,0x000000006bb20000)]
  0x0000000064dac800 JavaThread "Live Reload Server" daemon [_thread_in_native, id=6164, stack(0x000000006bc20000,0x000000006bd20000)]
  0x0000000064dad000 JavaThread "spring.cloud.inetutils" daemon [_thread_blocked, id=6168, stack(0x000000006c120000,0x000000006c220000)]
  0x000000006636c000 JavaThread "AsyncResolver-bootstrap-0" daemon [_thread_blocked, id=6232, stack(0x000000006bfd0000,0x000000006c0d0000)]
  0x000000006636d000 JavaThread "DiscoveryClient-0" daemon [_thread_blocked, id=6320, stack(0x0000000067c70000,0x0000000067d70000)]
  0x000000006636e000 JavaThread "DiscoveryClient-1" daemon [_thread_blocked, id=6324, stack(0x000000006c4d0000,0x000000006c5d0000)]
  0x000000006636e800 JavaThread "DiscoveryClient-InstanceInfoReplicator-0" daemon [_thread_blocked, id=6328, stack(0x000000006bb20000,0x000000006bc20000)]
  0x000000006636f800 JavaThread "http-nio-8080-BlockPoller" daemon [_thread_in_native, id=6336, stack(0x000000006c970000,0x000000006ca70000)]
  0x0000000066370000 JavaThread "http-nio-8080-exec-1" daemon [_thread_blocked, id=6340, stack(0x000000006cb40000,0x000000006cc40000)]
  0x0000000066371000 JavaThread "http-nio-8080-exec-2" daemon [_thread_blocked, id=6344, stack(0x000000006cd40000,0x000000006ce40000)]
  0x0000000066372000 JavaThread "http-nio-8080-exec-3" daemon [_thread_blocked, id=6348, stack(0x000000006cf60000,0x000000006d060000)]
  0x0000000066372800 JavaThread "http-nio-8080-exec-4" daemon [_thread_blocked, id=6352, stack(0x000000006cc40000,0x000000006cd40000)]
  0x0000000065a0a000 JavaThread "http-nio-8080-exec-5" daemon [_thread_blocked, id=6356, stack(0x000000006d120000,0x000000006d220000)]
  0x0000000065a0b000 JavaThread "http-nio-8080-exec-6" daemon [_thread_blocked, id=6360, stack(0x000000006c7d0000,0x000000006c8d0000)]
  0x0000000065a0c000 JavaThread "http-nio-8080-exec-7" daemon [_thread_blocked, id=6364, stack(0x000000006ce40000,0x000000006cf40000)]
  0x0000000065a0c800 JavaThread "http-nio-8080-exec-8" daemon [_thread_blocked, id=6368, stack(0x000000006d310000,0x000000006d410000)]
  0x0000000065a0d800 JavaThread "http-nio-8080-exec-9" daemon [_thread_blocked, id=6372, stack(0x000000006d5d0000,0x000000006d6d0000)]
  0x0000000065a0e800 JavaThread "http-nio-8080-exec-10" daemon [_thread_blocked, id=6376, stack(0x000000006d780000,0x000000006d880000)]
  0x0000000065a0f000 JavaThread "http-nio-8080-ClientPoller" daemon [_thread_in_native, id=6380, stack(0x000000006d470000,0x000000006d570000)]
  0x0000000065a10000 JavaThread "http-nio-8080-Acceptor" daemon [_thread_in_native, id=6384, stack(0x000000006d900000,0x000000006da00000)]
  0x0000000065a10800 JavaThread "DestroyJavaVM" [_thread_blocked, id=3340, stack(0x0000000002220000,0x0000000002320000)]
  0x000000006612c000 JavaThread "DiscoveryClient-CacheRefreshExecutor-0" daemon [_thread_blocked, id=7160, stack(0x0000000060d30000,0x0000000060e30000)]
  0x000000006612c800 JavaThread "DiscoveryClient-HeartbeatExecutor-0" daemon [_thread_blocked, id=7164, stack(0x000000006da10000,0x000000006db10000)]
  0x000000006612d800 JavaThread "C2 CompilerThread1" daemon [_thread_blocked, id=1700, stack(0x000000006dd40000,0x000000006de40000)]

Other Threads:
  0x000000005fbe8000 VMThread "VM Thread" [stack: 0x000000005fe10000,0x000000005ff10000] [id=4796]
  0x000000006133b800 WatcherThread [stack: 0x0000000061d70000,0x0000000061e70000] [id=4860]
  0x000000000033b000 GCTaskThread "GC Thread#0" [stack: 0x0000000019e30000,0x0000000019f30000] [id=5648]
  0x0000000060bd5000 GCTaskThread "GC Thread#1" [stack: 0x0000000061820000,0x0000000061920000] [id=3880]
  0x0000000061588800 GCTaskThread "GC Thread#2" [stack: 0x0000000063660000,0x0000000063760000] [id=1172]
  0x0000000061714000 GCTaskThread "GC Thread#3" [stack: 0x00000000638c0000,0x00000000639c0000] [id=1472]
  0x0000000000356800 ConcurrentGCThread "G1 Main Marker" [stack: 0x000000001c8a0000,0x000000001c9a0000] [id=5192]
  0x000000000035b000 ConcurrentGCThread "G1 Conc#0" [stack: 0x000000001ca70000,0x000000001cb70000] [id=4116]
  0x000000001efce800 ConcurrentGCThread "G1 Refine#0" [stack: 0x000000001f230000,0x000000001f330000] [id=632]
  0x000000001efcf000 ConcurrentGCThread "G1 Young RemSet Sampling" [stack: 0x000000001f100000,0x000000001f200000] [id=4900]

Threads with active compile tasks:
C2 CompilerThread0 281322 8680       4       java.util.AbstractCollection::containsAll (38 bytes)

VM state:not at safepoint (normal execution)

VM Mutex/Monitor currently owned by a thread: None

Heap address: 0x00000000c1c00000, size: 996 MB, Compressed Oops mode: 32-bit
Narrow klass base: 0x0000000000000000, Narrow klass shift: 0
Compressed class space size: 1073741824 Address: 0x000000001f330000

Heap:
 garbage-first heap   total 78848K, used 56231K [0x00000000c1c00000, 0x0000000100000000)
  region size 1024K, 12 young (12288K), 1 survivors (1024K)
 Metaspace       used 82220K, capacity 84354K, committed 84480K, reserved 1122304K
  class space    used 10426K, capacity 11250K, committed 11264K, reserved 1048576K
Heap Regions: E=young(eden), S=young(survivor), O=old, HS=humongous(starts), HC=humongous(continues), CS=collection set, F=free, A=archive, TAMS=top-at-mark-start (previous, next)
|   0|0x00000000c1c00000, 0x00000000c1d00000, 0x00000000c1d00000|100%|HS|  |TAMS 0x00000000c1d00000, 0x00000000c1c00000| Complete 
|   1|0x00000000c1d00000, 0x00000000c1e00000, 0x00000000c1e00000|100%| O|  |TAMS 0x00000000c1e00000, 0x00000000c1d00000| Untracked 
|   2|0x00000000c1e00000, 0x00000000c1f00000, 0x00000000c1f00000|100%| O|  |TAMS 0x00000000c1f00000, 0x00000000c1e00000| Untracked 
|   3|0x00000000c1f00000, 0x00000000c2000000, 0x00000000c2000000|100%| O|  |TAMS 0x00000000c2000000, 0x00000000c1f00000| Untracked 
|   4|0x00000000c2000000, 0x00000000c2100000, 0x00000000c2100000|100%| O|  |TAMS 0x00000000c2100000, 0x00000000c2000000| Untracked 
|   5|0x00000000c2100000, 0x00000000c2200000, 0x00000000c2200000|100%| O|  |TAMS 0x00000000c2200000, 0x00000000c2100000| Untracked 
|   6|0x00000000c2200000, 0x00000000c2300000, 0x00000000c2300000|100%| O|  |TAMS 0x00000000c2300000, 0x00000000c2200000| Untracked 
|   7|0x00000000c2300000, 0x00000000c2400000, 0x00000000c2400000|100%| O|  |TAMS 0x00000000c2400000, 0x00000000c2300000| Untracked 
|   8|0x00000000c2400000, 0x00000000c2500000, 0x00000000c2500000|100%| O|  |TAMS 0x00000000c2500000, 0x00000000c2400000| Untracked 
|   9|0x00000000c2500000, 0x00000000c2600000, 0x00000000c2600000|100%| O|  |TAMS 0x00000000c2600000, 0x00000000c2500000| Untracked 
|  10|0x00000000c2600000, 0x00000000c2700000, 0x00000000c2700000|100%| O|  |TAMS 0x00000000c2700000, 0x00000000c2600000| Untracked 
|  11|0x00000000c2700000, 0x00000000c2800000, 0x00000000c2800000|100%| O|  |TAMS 0x00000000c2800000, 0x00000000c2700000| Untracked 
|  12|0x00000000c2800000, 0x00000000c2900000, 0x00000000c2900000|100%| O|  |TAMS 0x00000000c2900000, 0x00000000c2800000| Untracked 
|  13|0x00000000c2900000, 0x00000000c2a00000, 0x00000000c2a00000|100%| O|  |TAMS 0x00000000c2a00000, 0x00000000c2900000| Untracked 
|  14|0x00000000c2a00000, 0x00000000c2b00000, 0x00000000c2b00000|100%| O|  |TAMS 0x00000000c2b00000, 0x00000000c2a00000| Untracked 
|  15|0x00000000c2b00000, 0x00000000c2c00000, 0x00000000c2c00000|100%| O|  |TAMS 0x00000000c2c00000, 0x00000000c2b00000| Untracked 
|  16|0x00000000c2c00000, 0x00000000c2d00000, 0x00000000c2d00000|100%| O|  |TAMS 0x00000000c2d00000, 0x00000000c2c00000| Untracked 
|  17|0x00000000c2d00000, 0x00000000c2e00000, 0x00000000c2e00000|100%| O|  |TAMS 0x00000000c2e00000, 0x00000000c2d00000| Untracked 
|  18|0x00000000c2e00000, 0x00000000c2f00000, 0x00000000c2f00000|100%| O|  |TAMS 0x00000000c2f00000, 0x00000000c2e00000| Untracked 
|  19|0x00000000c2f00000, 0x00000000c3000000, 0x00000000c3000000|100%| O|  |TAMS 0x00000000c3000000, 0x00000000c2f00000| Untracked 
|  20|0x00000000c3000000, 0x00000000c3100000, 0x00000000c3100000|100%| O|  |TAMS 0x00000000c3100000, 0x00000000c3000000| Untracked 
|  21|0x00000000c3100000, 0x00000000c3200000, 0x00000000c3200000|100%| O|  |TAMS 0x00000000c3200000, 0x00000000c3100000| Untracked 
|  22|0x00000000c3200000, 0x00000000c3300000, 0x00000000c3300000|100%| O|  |TAMS 0x00000000c3300000, 0x00000000c3200000| Untracked 
|  23|0x00000000c3300000, 0x00000000c3400000, 0x00000000c3400000|100%| O|  |TAMS 0x00000000c3400000, 0x00000000c3300000| Untracked 
|  24|0x00000000c3400000, 0x00000000c3500000, 0x00000000c3500000|100%| O|  |TAMS 0x00000000c3500000, 0x00000000c3400000| Untracked 
|  25|0x00000000c3500000, 0x00000000c3600000, 0x00000000c3600000|100%| O|  |TAMS 0x00000000c3600000, 0x00000000c3500000| Untracked 
|  26|0x00000000c3600000, 0x00000000c3700000, 0x00000000c3700000|100%| O|  |TAMS 0x00000000c3700000, 0x00000000c3600000| Untracked 
|  27|0x00000000c3700000, 0x00000000c3800000, 0x00000000c3800000|100%| O|  |TAMS 0x00000000c3800000, 0x00000000c3700000| Untracked 
|  28|0x00000000c3800000, 0x00000000c3900000, 0x00000000c3900000|100%| O|  |TAMS 0x00000000c3900000, 0x00000000c3800000| Untracked 
|  29|0x00000000c3900000, 0x00000000c3a00000, 0x00000000c3a00000|100%| O|  |TAMS 0x00000000c3a00000, 0x00000000c3900000| Untracked 
|  30|0x00000000c3a00000, 0x00000000c3b00000, 0x00000000c3b00000|100%| O|  |TAMS 0x00000000c3b00000, 0x00000000c3a00000| Untracked 
|  31|0x00000000c3b00000, 0x00000000c3c00000, 0x00000000c3c00000|100%| O|  |TAMS 0x00000000c3c00000, 0x00000000c3b00000| Untracked 
|  32|0x00000000c3c00000, 0x00000000c3d00000, 0x00000000c3d00000|100%| O|  |TAMS 0x00000000c3d00000, 0x00000000c3c00000| Untracked 
|  33|0x00000000c3d00000, 0x00000000c3e00000, 0x00000000c3e00000|100%| O|  |TAMS 0x00000000c3e00000, 0x00000000c3d00000| Untracked 
|  34|0x00000000c3e00000, 0x00000000c3f00000, 0x00000000c3f00000|100%| O|  |TAMS 0x00000000c3f00000, 0x00000000c3e00000| Untracked 
|  35|0x00000000c3f00000, 0x00000000c4000000, 0x00000000c4000000|100%| O|  |TAMS 0x00000000c4000000, 0x00000000c3f00000| Untracked 
|  36|0x00000000c4000000, 0x00000000c4000000, 0x00000000c4100000|  0%| F|  |TAMS 0x00000000c4000000, 0x00000000c4000000| Untracked 
|  37|0x00000000c4100000, 0x00000000c4200000, 0x00000000c4200000|100%| O|  |TAMS 0x00000000c4200000, 0x00000000c4100000| Untracked 
|  38|0x00000000c4200000, 0x00000000c4300000, 0x00000000c4300000|100%| O|  |TAMS 0x00000000c4300000, 0x00000000c4200000| Untracked 
|  39|0x00000000c4300000, 0x00000000c4400000, 0x00000000c4400000|100%| O|  |TAMS 0x00000000c4400000, 0x00000000c4300000| Untracked 
|  40|0x00000000c4400000, 0x00000000c4500000, 0x00000000c4500000|100%| O|  |TAMS 0x00000000c4500000, 0x00000000c4400000| Untracked 
|  41|0x00000000c4500000, 0x00000000c4600000, 0x00000000c4600000|100%| O|  |TAMS 0x00000000c4600000, 0x00000000c4500000| Untracked 
|  42|0x00000000c4600000, 0x00000000c4700000, 0x00000000c4700000|100%| O|  |TAMS 0x00000000c4700000, 0x00000000c4600000| Untracked 
|  43|0x00000000c4700000, 0x00000000c4800000, 0x00000000c4800000|100%| O|  |TAMS 0x00000000c4800000, 0x00000000c4700000| Untracked 
|  44|0x00000000c4800000, 0x00000000c4900000, 0x00000000c4900000|100%| O|  |TAMS 0x00000000c48ca400, 0x00000000c4800000| Untracked 
|  45|0x00000000c4900000, 0x00000000c49cac00, 0x00000000c4a00000| 79%| O|  |TAMS 0x00000000c4900000, 0x00000000c4900000| Untracked 
|  46|0x00000000c4a00000, 0x00000000c4a00000, 0x00000000c4b00000|  0%| F|  |TAMS 0x00000000c4a00000, 0x00000000c4a00000| Untracked 
|  47|0x00000000c4b00000, 0x00000000c4b00000, 0x00000000c4c00000|  0%| F|  |TAMS 0x00000000c4b00000, 0x00000000c4b00000| Untracked 
|  48|0x00000000c4c00000, 0x00000000c4c00000, 0x00000000c4d00000|  0%| F|  |TAMS 0x00000000c4c00000, 0x00000000c4c00000| Untracked 
|  49|0x00000000c4d00000, 0x00000000c4d00000, 0x00000000c4e00000|  0%| F|  |TAMS 0x00000000c4d00000, 0x00000000c4d00000| Untracked 
|  50|0x00000000c4e00000, 0x00000000c4e00000, 0x00000000c4f00000|  0%| F|  |TAMS 0x00000000c4e00000, 0x00000000c4e00000| Untracked 
|  51|0x00000000c4f00000, 0x00000000c4f00000, 0x00000000c5000000|  0%| F|  |TAMS 0x00000000c4f00000, 0x00000000c4f00000| Untracked 
|  52|0x00000000c5000000, 0x00000000c5000000, 0x00000000c5100000|  0%| F|  |TAMS 0x00000000c5000000, 0x00000000c5000000| Untracked 
|  53|0x00000000c5100000, 0x00000000c5100000, 0x00000000c5200000|  0%| F|  |TAMS 0x00000000c5100000, 0x00000000c5100000| Untracked 
|  54|0x00000000c5200000, 0x00000000c5200000, 0x00000000c5300000|  0%| F|  |TAMS 0x00000000c5200000, 0x00000000c5200000| Untracked 
|  55|0x00000000c5300000, 0x00000000c5300000, 0x00000000c5400000|  0%| F|  |TAMS 0x00000000c5300000, 0x00000000c5300000| Untracked 
|  56|0x00000000c5400000, 0x00000000c5400000, 0x00000000c5500000|  0%| F|  |TAMS 0x00000000c5400000, 0x00000000c5400000| Untracked 
|  57|0x00000000c5500000, 0x00000000c5500000, 0x00000000c5600000|  0%| F|  |TAMS 0x00000000c5500000, 0x00000000c5500000| Untracked 
|  58|0x00000000c5600000, 0x00000000c5600000, 0x00000000c5700000|  0%| F|  |TAMS 0x00000000c5600000, 0x00000000c5600000| Untracked 
|  59|0x00000000c5700000, 0x00000000c5700000, 0x00000000c5800000|  0%| F|  |TAMS 0x00000000c5700000, 0x00000000c5700000| Untracked 
|  60|0x00000000c5800000, 0x00000000c5800000, 0x00000000c5900000|  0%| F|  |TAMS 0x00000000c5800000, 0x00000000c5800000| Untracked 
|  61|0x00000000c5900000, 0x00000000c5900000, 0x00000000c5a00000|  0%| F|  |TAMS 0x00000000c5900000, 0x00000000c5900000| Untracked 
|  62|0x00000000c5a00000, 0x00000000c5a00000, 0x00000000c5b00000|  0%| F|  |TAMS 0x00000000c5a00000, 0x00000000c5a00000| Untracked 
|  63|0x00000000c5b00000, 0x00000000c5b00000, 0x00000000c5c00000|  0%| F|  |TAMS 0x00000000c5b00000, 0x00000000c5b00000| Untracked 
|  64|0x00000000c5c00000, 0x00000000c5c00000, 0x00000000c5d00000|  0%| F|  |TAMS 0x00000000c5c00000, 0x00000000c5c00000| Untracked 
|  65|0x00000000c5d00000, 0x00000000c5d1a128, 0x00000000c5e00000| 10%| E|  |TAMS 0x00000000c5d00000, 0x00000000c5d00000| Complete 
|  66|0x00000000c5e00000, 0x00000000c5f00000, 0x00000000c5f00000|100%| E|CS|TAMS 0x00000000c5e00000, 0x00000000c5e00000| Complete 
|  67|0x00000000c5f00000, 0x00000000c6000000, 0x00000000c6000000|100%| E|CS|TAMS 0x00000000c5f00000, 0x00000000c5f00000| Complete 
|  68|0x00000000c6000000, 0x00000000c6100000, 0x00000000c6100000|100%| E|CS|TAMS 0x00000000c6000000, 0x00000000c6000000| Complete 
|  69|0x00000000c6100000, 0x00000000c6200000, 0x00000000c6200000|100%| E|CS|TAMS 0x00000000c6100000, 0x00000000c6100000| Complete 
|  70|0x00000000c6200000, 0x00000000c6300000, 0x00000000c6300000|100%| E|CS|TAMS 0x00000000c6200000, 0x00000000c6200000| Complete 
|  71|0x00000000c6300000, 0x00000000c6400000, 0x00000000c6400000|100%| E|CS|TAMS 0x00000000c6300000, 0x00000000c6300000| Complete 
|  72|0x00000000c6400000, 0x00000000c6500000, 0x00000000c6500000|100%| E|CS|TAMS 0x00000000c6400000, 0x00000000c6400000| Complete 
|  73|0x00000000c6500000, 0x00000000c6600000, 0x00000000c6600000|100%| E|CS|TAMS 0x00000000c6500000, 0x00000000c6500000| Complete 
|  74|0x00000000c6600000, 0x00000000c661f0c0, 0x00000000c6700000| 12%| S|CS|TAMS 0x00000000c6600000, 0x00000000c6600000| Complete 
|  75|0x00000000c6700000, 0x00000000c6800000, 0x00000000c6800000|100%| E|CS|TAMS 0x00000000c6700000, 0x00000000c6700000| Complete 
|  76|0x00000000c6800000, 0x00000000c6900000, 0x00000000c6900000|100%| E|CS|TAMS 0x00000000c6800000, 0x00000000c6800000| Complete 

Card table byte_map: [0x000000001a570000,0x000000001a770000] _byte_map_base: 0x0000000019f62000

Marking Bits (Prev, Next): (CMBitMap*) 0x000000000034fa80, (CMBitMap*) 0x000000000034fa48
 Prev Bits: [0x000000001b900000, 0x000000001c890000)
 Next Bits: [0x000000001a970000, 0x000000001b900000)

Polling page: 0x0000000000130000

Metaspace:

Usage:
  Non-class:     71.39 MB capacity,    70.11 MB ( 98%) used,     1.02 MB (  1%) free+waste,   268.31 KB ( <1%) overhead. 
      Class:     10.99 MB capacity,    10.18 MB ( 93%) used,   699.30 KB (  6%) free+waste,   124.06 KB (  1%) overhead. 
       Both:     82.38 MB capacity,    80.29 MB ( 97%) used,     1.70 MB (  2%) free+waste,   392.38 KB ( <1%) overhead. 

Virtual space:
  Non-class space:       72.00 MB reserved,      71.50 MB (>99%) committed 
      Class space:        1.00 GB reserved,      11.00 MB (  1%) committed 
             Both:        1.07 GB reserved,      82.50 MB (  8%) committed 

Chunk freelists:
   Non-Class:  6.00 KB
       Class:  0 bytes
        Both:  6.00 KB

CodeHeap 'non-profiled nmethods': size=120064Kb used=5552Kb max_used=5552Kb free=114511Kb
 bounds [0x00000000126b0000, 0x0000000012c20000, 0x0000000019bf0000]
CodeHeap 'profiled nmethods': size=120000Kb used=18436Kb max_used=18436Kb free=101563Kb
 bounds [0x000000000b180000, 0x000000000c390000, 0x00000000126b0000]
CodeHeap 'non-nmethods': size=5696Kb used=1562Kb max_used=1608Kb free=4134Kb
 bounds [0x000000000abf0000, 0x000000000ae60000, 0x000000000b180000]
 total_blobs=9297 nmethods=8595 adapters=612
 compilation: enabled
              stopped_count=0, restarted_count=0
 full_count=0

Compilation events (10 events):
Event: 252.391 Thread 0x000000005fc4d800 nmethod 8675 0x000000000c36b390 code [0x000000000c36b560, 0x000000000c36b928]
Event: 252.391 Thread 0x000000005fc4d800 8676       3       java.lang.System::getProperty (26 bytes)
Event: 252.393 Thread 0x000000005fc4d800 nmethod 8676 0x000000000c36ba90 code [0x000000000c36bd00, 0x000000000c36c718]
Event: 253.390 Thread 0x000000005fc4d800 8677       3       ch.qos.logback.classic.spi.ThrowableProxyUtil::indent (21 bytes)
Event: 253.390 Thread 0x000000005fc4d800 nmethod 8677 0x000000000c36cb10 code [0x000000000c36ccc0, 0x000000000c36cf08]
Event: 253.390 Thread 0x000000005fc4d800 8678       3       ch.qos.logback.classic.spi.StackTraceElementProxy::<init> (24 bytes)
Event: 253.390 Thread 0x000000005fc4d800 nmethod 8678 0x000000000c36d090 code [0x000000000c36d260, 0x000000000c36d508]
Event: 253.390 Thread 0x000000005fc4d800 8679       3       ch.qos.logback.classic.spi.PackagingDataCalculator::computeBySTEP (81 bytes)
Event: 253.392 Thread 0x000000005fc4d800 nmethod 8679 0x000000000c36d610 code [0x000000000c36d860, 0x000000000c36e0e8]
Event: 261.041 Thread 0x000000005fc4a800 8680       4       java.util.AbstractCollection::containsAll (38 bytes)

GC Heap History (10 events):
Event: 53.080 GC heap before
{Heap before GC invocations=52 (full 0):
 garbage-first heap   total 78848K, used 62538K [0x00000000c1c00000, 0x0000000100000000)
  region size 1024K, 20 young (20480K), 3 survivors (3072K)
 Metaspace       used 80240K, capacity 82228K, committed 82560K, reserved 1120256K
  class space    used 10232K, capacity 11015K, committed 11136K, reserved 1048576K
}
Event: 53.088 GC heap after
{Heap after GC invocations=53 (full 0):
 garbage-first heap   total 78848K, used 46260K [0x00000000c1c00000, 0x0000000100000000)
  region size 1024K, 2 young (2048K), 2 survivors (2048K)
 Metaspace       used 80240K, capacity 82228K, committed 82560K, reserved 1120256K
  class space    used 10232K, capacity 11015K, committed 11136K, reserved 1048576K
}
Event: 86.269 GC heap before
{Heap before GC invocations=54 (full 0):
 garbage-first heap   total 78848K, used 62644K [0x00000000c1c00000, 0x0000000100000000)
  region size 1024K, 19 young (19456K), 2 survivors (2048K)
 Metaspace       used 81730K, capacity 83814K, committed 83968K, reserved 1122304K
  class space    used 10420K, capacity 11244K, committed 11264K, reserved 1048576K
}
Event: 86.276 GC heap after
{Heap after GC invocations=55 (full 0):
 garbage-first heap   total 78848K, used 47031K [0x00000000c1c00000, 0x0000000100000000)
  region size 1024K, 2 young (2048K), 2 survivors (2048K)
 Metaspace       used 81730K, capacity 83814K, committed 83968K, reserved 1122304K
  class space    used 10420K, capacity 11244K, committed 11264K, reserved 1048576K
}
Event: 156.813 GC heap before
{Heap before GC invocations=55 (full 0):
 garbage-first heap   total 78848K, used 64439K [0x00000000c1c00000, 0x0000000100000000)
  region size 1024K, 19 young (19456K), 2 survivors (2048K)
 Metaspace       used 81942K, capacity 84076K, committed 84224K, reserved 1122304K
  class space    used 10421K, capacity 11245K, committed 11264K, reserved 1048576K
}
Event: 156.831 GC heap after
{Heap after GC invocations=56 (full 0):
 garbage-first heap   total 78848K, used 46889K [0x00000000c1c00000, 0x0000000100000000)
  region size 1024K, 1 young (1024K), 1 survivors (1024K)
 Metaspace       used 81942K, capacity 84076K, committed 84224K, reserved 1122304K
  class space    used 10421K, capacity 11245K, committed 11264K, reserved 1048576K
}
Event: 228.049 GC heap before
{Heap before GC invocations=57 (full 0):
 garbage-first heap   total 78848K, used 64297K [0x00000000c1c00000, 0x0000000100000000)
  region size 1024K, 18 young (18432K), 1 survivors (1024K)
 Metaspace       used 82106K, capacity 84162K, committed 84224K, reserved 1122304K
  class space    used 10426K, capacity 11250K, committed 11264K, reserved 1048576K
}
Event: 228.056 GC heap after
{Heap after GC invocations=58 (full 0):
 garbage-first heap   total 78848K, used 46634K [0x00000000c1c00000, 0x0000000100000000)
  region size 1024K, 1 young (1024K), 1 survivors (1024K)
 Metaspace       used 82106K, capacity 84162K, committed 84224K, reserved 1122304K
  class space    used 10426K, capacity 11250K, committed 11264K, reserved 1048576K
}
Event: 245.743 GC heap before
{Heap before GC invocations=58 (full 0):
 garbage-first heap   total 78848K, used 48682K [0x00000000c1c00000, 0x0000000100000000)
  region size 1024K, 3 young (3072K), 1 survivors (1024K)
 Metaspace       used 82119K, capacity 84226K, committed 84480K, reserved 1122304K
  class space    used 10426K, capacity 11250K, committed 11264K, reserved 1048576K
}
Event: 245.747 GC heap after
{Heap after GC invocations=59 (full 0):
 garbage-first heap   total 78848K, used 45991K [0x00000000c1c00000, 0x0000000100000000)
  region size 1024K, 1 young (1024K), 1 survivors (1024K)
 Metaspace       used 82119K, capacity 84226K, committed 84480K, reserved 1122304K
  class space    used 10426K, capacity 11250K, committed 11264K, reserved 1048576K
}

Deoptimization events (10 events):
Event: 52.799 Thread 0x0000000061685000 Uncommon trap: reason=class_check action=maybe_recompile pc=0x0000000012b4a620 method=java.util.concurrent.ConcurrentHashMap.putVal(Ljava/lang/Object;Ljava/lang/Object;Z)Ljava/lang/Object; @ 159 c2
Event: 52.799 Thread 0x0000000061685000 Uncommon trap: reason=class_check action=maybe_recompile pc=0x0000000012b4a620 method=java.util.concurrent.ConcurrentHashMap.putVal(Ljava/lang/Object;Ljava/lang/Object;Z)Ljava/lang/Object; @ 159 c2
Event: 55.326 Thread 0x0000000061685000 Uncommon trap: reason=bimorphic_or_optimized_type_check action=maybe_recompile pc=0x00000000128bfa4c method=java.util.Collections$SetFromMap.contains(Ljava/lang/Object;)Z @ 5 c2
Event: 56.303 Thread 0x0000000061685000 Uncommon trap: reason=unstable_if action=reinterpret pc=0x0000000012a78208 method=org.springframework.core.annotation.AnnotationsScanner.processMethodHierarchy(Ljava/lang/Object;[ILjava/lang/Class;Lorg/springframework/core/annotation/AnnotationsProcessor;
Event: 59.403 Thread 0x0000000061685000 Uncommon trap: reason=speculate_null_assert action=make_not_entrant pc=0x000000001277047c method=org.springframework.util.ConcurrentReferenceHashMap$Segment.restructureIfNecessary(Z)V @ 41 c2
Event: 59.995 Thread 0x0000000064da6800 Uncommon trap: reason=unstable_if action=reinterpret pc=0x0000000012bc5300 method=java.util.concurrent.locks.ReentrantLock$Sync.nonfairTryAcquire(I)Z @ 34 c2
Event: 61.108 Thread 0x000000006636e800 Uncommon trap: reason=null_check action=make_not_entrant pc=0x00000000129ab374 method=java.lang.ClassLoader.definePackage(Ljava/lang/String;Ljava/lang/Module;)Ljava/lang/Package; @ 49 c2
Event: 61.382 Thread 0x0000000064da7800 Uncommon trap: reason=unstable_if action=reinterpret pc=0x0000000012b9aa7c method=java.util.concurrent.locks.AbstractQueuedSynchronizer.acquire(I)V @ 5 c2
Event: 117.433 Thread 0x000000006636e000 Uncommon trap: reason=speculate_null_assert action=make_not_entrant pc=0x00000000127acf58 method=java.lang.invoke.MethodType$ConcurrentWeakInternSet.add(Ljava/lang/Object;)Ljava/lang/Object; @ 47 c2
Event: 123.158 Thread 0x000000006636e800 Uncommon trap: reason=unstable_if action=reinterpret pc=0x00000000128c7740 method=java.util.Properties.load0(Ljava/util/Properties$LineReader;)V @ 79 c2

Classes redefined (0 events):
No events

Internal exceptions (10 events):
Event: 215.730 Thread 0x000000006612c800 Exception <a 'java/net/ConnectException'{0x00000000c5bcf8d0}: Connection refused: connect> (0x00000000c5bcf8d0) thrown at [./open/src/hotspot/share/prims/jni.cpp, line 632]
Event: 215.739 Thread 0x000000006612c000 Exception <a 'java/net/ConnectException'{0x00000000c5a0b758}: Connection refused: connect> (0x00000000c5a0b758) thrown at [./open/src/hotspot/share/prims/jni.cpp, line 632]
Event: 220.370 Thread 0x000000006636e800 Exception <a 'java/net/ConnectException'{0x00000000c59d35c8}: Connection refused: connect> (0x00000000c59d35c8) thrown at [./open/src/hotspot/share/prims/jni.cpp, line 632]
Event: 221.364 Thread 0x000000006636e800 Exception <a 'java/net/ConnectException'{0x00000000c59d4038}: Connection refused: connect> (0x00000000c59d4038) thrown at [./open/src/hotspot/share/prims/jni.cpp, line 632]
Event: 246.790 Thread 0x000000006612c800 Exception <a 'java/net/ConnectException'{0x00000000c656d660}: Connection refused: connect> (0x00000000c656d660) thrown at [./open/src/hotspot/share/prims/jni.cpp, line 632]
Event: 246.799 Thread 0x000000006612c000 Exception <a 'java/net/ConnectException'{0x00000000c658a078}: Connection refused: connect> (0x00000000c658a078) thrown at [./open/src/hotspot/share/prims/jni.cpp, line 632]
Event: 247.783 Thread 0x000000006612c800 Exception <a 'java/net/ConnectException'{0x00000000c659b900}: Connection refused: connect> (0x00000000c659b900) thrown at [./open/src/hotspot/share/prims/jni.cpp, line 632]
Event: 247.794 Thread 0x000000006612c000 Exception <a 'java/net/ConnectException'{0x00000000c658aae8}: Connection refused: connect> (0x00000000c658aae8) thrown at [./open/src/hotspot/share/prims/jni.cpp, line 632]
Event: 252.389 Thread 0x000000006636e800 Exception <a 'java/net/ConnectException'{0x00000000c6361fa0}: Connection refused: connect> (0x00000000c6361fa0) thrown at [./open/src/hotspot/share/prims/jni.cpp, line 632]
Event: 253.385 Thread 0x000000006636e800 Exception <a 'java/net/ConnectException'{0x00000000c6362a10}: Connection refused: connect> (0x00000000c6362a10) thrown at [./open/src/hotspot/share/prims/jni.cpp, line 632]

Events (10 events):
Event: 251.376 loading class com/fasterxml/jackson/module/kotlin/KotlinModule
Event: 251.376 loading class com/fasterxml/jackson/module/kotlin/KotlinModule done
Event: 251.376 loading class com/fasterxml/jackson/module/kotlin$KotlinModule
Event: 251.376 loading class com/fasterxml/jackson/module/kotlin$KotlinModule done
Event: 253.385 Executing VM operation: BulkRevokeBias
Event: 253.386 Executing VM operation: BulkRevokeBias done
Event: 253.386 Executing VM operation: BulkRevokeBias
Event: 253.386 Executing VM operation: BulkRevokeBias done
Event: 253.386 Executing VM operation: BulkRevokeBias
Event: 253.387 Executing VM operation: BulkRevokeBias done


Dynamic libraries:
0x000000013f810000 - 0x000000013f81f000 	C:\Program Files\Java\jdk-11.0.10\bin\java.exe
0x00000000771f0000 - 0x000000007738f000 	C:\Windows\SYSTEM32\ntdll.dll
0x00000000770d0000 - 0x00000000771ef000 	C:\Windows\system32\kernel32.dll
0x000007fefd050000 - 0x000007fefd0b7000 	C:\Windows\system32\KERNELBASE.dll
0x000007feef6d0000 - 0x000007feef6e8000 	C:\Program Files\Java\jdk-11.0.10\bin\jli.dll
0x000007feff320000 - 0x000007feff3fb000 	C:\Windows\system32\ADVAPI32.dll
0x000007fefeaf0000 - 0x000007fefeb8f000 	C:\Windows\system32\msvcrt.dll
0x000007fefeb90000 - 0x000007fefebaf000 	C:\Windows\SYSTEM32\sechost.dll
0x000007fefe9c0000 - 0x000007fefeaec000 	C:\Windows\system32\RPCRT4.dll
0x000007fefb1b0000 - 0x000007fefb3a5000 	C:\Windows\WinSxS\amd64_microsoft.windows.common-controls_6595b64144ccf1df_6.0.7601.24483_none_e372d88f30fbb845\COMCTL32.dll
0x000007fefe090000 - 0x000007fefe0f7000 	C:\Windows\system32\GDI32.dll
0x0000000076fd0000 - 0x00000000770ca000 	C:\Windows\system32\USER32.dll
0x000007feff4a0000 - 0x000007feff4ae000 	C:\Windows\system32\LPK.dll
0x000007feff250000 - 0x000007feff31b000 	C:\Windows\system32\USP10.dll
0x000007fefe230000 - 0x000007fefe2a1000 	C:\Windows\system32\SHLWAPI.dll
0x000007fefbdf0000 - 0x000007fefbdfc000 	C:\Windows\system32\VERSION.dll
0x000007feef6b0000 - 0x000007feef6c5000 	C:\Program Files\Java\jdk-11.0.10\bin\VCRUNTIME140.dll
0x000007feef6a0000 - 0x000007feef6a4000 	C:\Program Files\Java\jdk-11.0.10\bin\api-ms-win-crt-runtime-l1-1-0.dll
0x000007feef5a0000 - 0x000007feef69a000 	C:\Program Files\Java\jdk-11.0.10\bin\ucrtbase.DLL
0x000007feef590000 - 0x000007feef593000 	C:\Program Files\Java\jdk-11.0.10\bin\api-ms-win-core-localization-l1-2-0.dll
0x000007feef580000 - 0x000007feef583000 	C:\Program Files\Java\jdk-11.0.10\bin\api-ms-win-core-processthreads-l1-1-1.dll
0x000007feef570000 - 0x000007feef573000 	C:\Program Files\Java\jdk-11.0.10\bin\api-ms-win-core-file-l1-2-0.dll
0x000007feef560000 - 0x000007feef563000 	C:\Program Files\Java\jdk-11.0.10\bin\api-ms-win-core-timezone-l1-1-0.dll
0x000007feef550000 - 0x000007feef553000 	C:\Program Files\Java\jdk-11.0.10\bin\api-ms-win-core-file-l2-1-0.dll
0x000007feef540000 - 0x000007feef543000 	C:\Program Files\Java\jdk-11.0.10\bin\api-ms-win-core-synch-l1-2-0.dll
0x000007feef530000 - 0x000007feef533000 	C:\Program Files\Java\jdk-11.0.10\bin\api-ms-win-crt-heap-l1-1-0.dll
0x000007feef520000 - 0x000007feef524000 	C:\Program Files\Java\jdk-11.0.10\bin\api-ms-win-crt-string-l1-1-0.dll
0x000007feef510000 - 0x000007feef514000 	C:\Program Files\Java\jdk-11.0.10\bin\api-ms-win-crt-stdio-l1-1-0.dll
0x000007feef500000 - 0x000007feef504000 	C:\Program Files\Java\jdk-11.0.10\bin\api-ms-win-crt-convert-l1-1-0.dll
0x000007feef4f0000 - 0x000007feef4f3000 	C:\Program Files\Java\jdk-11.0.10\bin\api-ms-win-crt-environment-l1-1-0.dll
0x000007feef4e0000 - 0x000007feef4e3000 	C:\Program Files\Java\jdk-11.0.10\bin\api-ms-win-crt-filesystem-l1-1-0.dll
0x000007feef4d0000 - 0x000007feef4d5000 	C:\Program Files\Java\jdk-11.0.10\bin\api-ms-win-crt-math-l1-1-0.dll
0x000007feef4c0000 - 0x000007feef4c3000 	C:\Program Files\Java\jdk-11.0.10\bin\api-ms-win-crt-locale-l1-1-0.dll
0x000007feff4b0000 - 0x000007feff4de000 	C:\Windows\system32\IMM32.DLL
0x000007fefeef0000 - 0x000007fefeffb000 	C:\Windows\system32\MSCTF.dll
0x000007feef420000 - 0x000007feef4bb000 	C:\Program Files\Java\jdk-11.0.10\bin\msvcp140.dll
0x000007feef410000 - 0x000007feef413000 	C:\Program Files\Java\jdk-11.0.10\bin\api-ms-win-crt-time-l1-1-0.dll
0x000007feef400000 - 0x000007feef403000 	C:\Program Files\Java\jdk-11.0.10\bin\api-ms-win-crt-utility-l1-1-0.dll
0x000007feee900000 - 0x000007feef3fb000 	C:\Program Files\Java\jdk-11.0.10\bin\server\jvm.dll
0x000007fef8930000 - 0x000007fef8939000 	C:\Windows\system32\WSOCK32.dll
0x000007fefe1e0000 - 0x000007fefe22d000 	C:\Windows\system32\WS2_32.dll
0x000007fefebb0000 - 0x000007fefebb8000 	C:\Windows\system32\NSI.dll
0x000007fefaaa0000 - 0x000007fefaadb000 	C:\Windows\system32\WINMM.dll
0x00000000773a0000 - 0x00000000773a7000 	C:\Windows\system32\PSAPI.DLL
0x000007feee8f0000 - 0x000007feee900000 	C:\Program Files\Java\jdk-11.0.10\bin\verify.dll
0x000007feefa60000 - 0x000007feefb85000 	C:\Windows\system32\DBGHELP.DLL
0x000007feee8c0000 - 0x000007feee8e8000 	C:\Program Files\Java\jdk-11.0.10\bin\java.dll
0x000007feee8b0000 - 0x000007feee8ba000 	C:\Program Files\Java\jdk-11.0.10\bin\jimage.dll
0x000007fee5990000 - 0x000007fee599e000 	C:\Program Files\Java\jdk-11.0.10\bin\instrument.dll
0x000007feee840000 - 0x000007feee856000 	C:\Program Files\Java\jdk-11.0.10\bin\zip.dll
0x000007fefd100000 - 0x000007fefde8b000 	C:\Windows\system32\SHELL32.dll
0x000007fefde90000 - 0x000007fefe08f000 	C:\Windows\system32\ole32.dll
0x000007fefcd50000 - 0x000007fefcd5f000 	C:\Windows\system32\profapi.dll
0x000007feee820000 - 0x000007feee839000 	C:\Program Files\Java\jdk-11.0.10\bin\net.dll
0x000007fef7c30000 - 0x000007fef7ca1000 	C:\Windows\system32\WINHTTP.dll
0x000007fef7bc0000 - 0x000007fef7c25000 	C:\Windows\system32\webio.dll
0x000007fefc4c0000 - 0x000007fefc515000 	C:\Windows\system32\mswsock.dll
0x000007fefc4b0000 - 0x000007fefc4b7000 	C:\Windows\System32\wship6.dll
0x000007feee800000 - 0x000007feee812000 	C:\Program Files\Java\jdk-11.0.10\bin\nio.dll
0x000007fee5960000 - 0x000007fee597a000 	C:\Program Files\JetBrains\IntelliJ IDEA Community Edition 2021.2.3\bin\breakgen64.dll
0x000007feee370000 - 0x000007feee379000 	C:\Program Files\Java\jdk-11.0.10\bin\management.dll
0x000007feee360000 - 0x000007feee36b000 	C:\Program Files\Java\jdk-11.0.10\bin\management_ext.dll
0x000007fef9fc0000 - 0x000007fef9fe7000 	C:\Windows\system32\IPHLPAPI.DLL
0x000007fef9fb0000 - 0x000007fef9fbb000 	C:\Windows\system32\WINNSI.DLL
0x000007fef9db0000 - 0x000007fef9dc8000 	C:\Windows\system32\dhcpcsvc.DLL
0x000007fef9c90000 - 0x000007fef9ca1000 	C:\Windows\system32\dhcpcsvc6.DLL
0x000007fefc340000 - 0x000007fefc39b000 	C:\Windows\system32\DNSAPI.dll
0x0000000071370000 - 0x0000000071396000 	C:\Program Files\Bonjour\mdnsNSP.dll
0x000007fefbec0000 - 0x000007fefbec7000 	C:\Windows\System32\wshtcpip.dll
0x000007feeb140000 - 0x000007feeb148000 	C:\Windows\system32\rasadhlp.dll
0x000007fef9e30000 - 0x000007fef9e83000 	C:\Windows\System32\fwpuclnt.dll
0x000007fefb640000 - 0x000007fefb655000 	C:\Windows\system32\NLAapi.dll
0x000007feee890000 - 0x000007feee8a5000 	C:\Windows\system32\napinsp.dll
0x000007feee870000 - 0x000007feee889000 	C:\Windows\system32\pnrpnsp.dll
0x000007feee860000 - 0x000007feee86b000 	C:\Windows\System32\winrnr.dll
0x0000000180000000 - 0x0000000180285000 	D:\Master\apache-tomcat-8.5.55\bin\tcnative-1.dll
0x000007fefcea0000 - 0x000007fefd00d000 	C:\Windows\system32\CRYPT32.dll
0x000007fefcd40000 - 0x000007fefcd4f000 	C:\Windows\system32\MSASN1.dll
0x000007fefc520000 - 0x000007fefc538000 	C:\Windows\system32\CRYPTSP.dll
0x000007fefc220000 - 0x000007fefc267000 	C:\Windows\system32\rsaenh.dll
0x000007fefcd60000 - 0x000007fefcd7f000 	C:\Windows\system32\USERENV.dll
0x000007fefcbe0000 - 0x000007fefcbef000 	C:\Windows\system32\CRYPTBASE.dll
0x000007feee320000 - 0x000007feee345000 	C:\Program Files\Java\jdk-11.0.10\bin\sunec.dll

dbghelp: loaded successfully - version: 4.0.5 - missing functions: none
symbol engine: initialized successfully - sym options: 0x614 - pdb path: .;C:\Program Files\Java\jdk-11.0.10\bin;C:\Windows\SYSTEM32;C:\Windows\WinSxS\amd64_microsoft.windows.common-controls_6595b64144ccf1df_6.0.7601.24483_none_e372d88f30fbb845;C:\Program Files\Java\jdk-11.0.10\bin\server;C:\Program Files\JetBrains\IntelliJ IDEA Community Edition 2021.2.3\bin;C:\Program Files\Bonjour;D:\Master\apache-tomcat-8.5.55\bin

VM Arguments:
jvm_args: -javaagent:C:\Program Files\JetBrains\IntelliJ IDEA Community Edition 2021.2.3\lib\idea_rt.jar=1177:C:\Program Files\JetBrains\IntelliJ IDEA Community Edition 2021.2.3\bin -Dfile.encoding=UTF-8 
java_command: sch.binadharma.spp.SchoolPaymentApplication
java_class_path (initial): D:\Intelij-workspace\school-payment-system\target\classes;C:\Users\LENOVO\.m2\repository\org\springframework\boot\spring-boot-starter-data-jpa\2.5.0\spring-boot-starter-data-jpa-2.5.0.jar;C:\Users\LENOVO\.m2\repository\org\springframework\boot\spring-boot-starter-aop\2.5.0\spring-boot-starter-aop-2.5.0.jar;C:\Users\LENOVO\.m2\repository\org\aspectj\aspectjweaver\1.9.6\aspectjweaver-1.9.6.jar;C:\Users\LENOVO\.m2\repository\org\springframework\boot\spring-boot-starter-jdbc\2.5.0\spring-boot-starter-jdbc-2.5.0.jar;C:\Users\LENOVO\.m2\repository\com\zaxxer\HikariCP\4.0.3\HikariCP-4.0.3.jar;C:\Users\LENOVO\.m2\repository\org\springframework\spring-jdbc\5.3.7\spring-jdbc-5.3.7.jar;C:\Users\LENOVO\.m2\repository\jakarta\transaction\jakarta.transaction-api\1.3.3\jakarta.transaction-api-1.3.3.jar;C:\Users\LENOVO\.m2\repository\jakarta\persistence\jakarta.persistence-api\2.2.3\jakarta.persistence-api-2.2.3.jar;C:\Users\LENOVO\.m2\repository\org\hibernate\hibernate-core\5.4.31.Final\hibernate-core-5.4.31.Final.jar;C:\Users\LENOVO\.m2\repository\org\jboss\logging\jboss-logging\3.4.1.Final\jboss-logging-3.4.1.Final.jar;C:\Users\LENOVO\.m2\repository\org\javassist\javassist\3.27.0-GA\javassist-3.27.0-GA.jar;C:\Users\LENOVO\.m2\repository\net\bytebuddy\byte-buddy\1.10.22\byte-buddy-1.10.22.jar;C:\Users\LENOVO\.m2\repository\antlr\antlr\2.7.7\antlr-2.7.7.jar;C:\Users\LENOVO\.m2\repository\org\jboss\jandex\2.2.3.Final\jandex-2.2.3.Final.jar;C:\Users\LENOVO\.m2\repository\com\fasterxml\classmate\1.5.1\classmate-1.5.1.jar;C:\Users\LENOVO\.m2\repository\org\dom4j\dom4j\2.1.3\dom4j-2.1.3.jar;C:\Users\LENOVO\.m2\repository\org\hibernate\common\hibernate-commons-annotations\5.1.2.Final\hibernate-commons-annotations-5.1.2.Final.jar;C:\Users\LENOVO\.m2\repository\org\glassfish\jaxb\jaxb-runtime\2.3.4\jaxb-runtime-2.3.4.jar;C:\Users\LENOVO\.m2\repository\org\glassfish\jaxb\txw2\2.3.4\txw2-2.3.4.jar;C:\Users\LENOVO\.m2\repository\com\sun\istack\istack-commons-runt
Launcher Type: SUN_STANDARD

[Global flags]
     intx CICompilerCount                          = 3                                         {product} {ergonomic}
     uint ConcGCThreads                            = 1                                         {product} {ergonomic}
     uint G1ConcRefinementThreads                  = 4                                         {product} {ergonomic}
   size_t G1HeapRegionSize                         = 1048576                                   {product} {ergonomic}
    uintx GCDrainStackTargetSize                   = 64                                        {product} {ergonomic}
   size_t InitialHeapSize                          = 67108864                                  {product} {ergonomic}
   size_t MarkStackSize                            = 4194304                                   {product} {ergonomic}
   size_t MaxHeapSize                              = 1044381696                                {product} {ergonomic}
   size_t MaxNewSize                               = 625999872                                 {product} {ergonomic}
   size_t MinHeapDeltaBytes                        = 1048576                                   {product} {ergonomic}
    uintx NonNMethodCodeHeapSize                   = 5830732                                {pd product} {ergonomic}
    uintx NonProfiledCodeHeapSize                  = 122913754                              {pd product} {ergonomic}
    uintx ProfiledCodeHeapSize                     = 122913754                              {pd product} {ergonomic}
    uintx ReservedCodeCacheSize                    = 251658240                              {pd product} {ergonomic}
     bool SegmentedCodeCache                       = true                                      {product} {ergonomic}
     bool UseCompressedClassPointers               = true                                 {lp64_product} {ergonomic}
     bool UseCompressedOops                        = true                                 {lp64_product} {ergonomic}
     bool UseG1GC                                  = true                                      {product} {ergonomic}
     bool UseLargePagesIndividualAllocation        = false                                  {pd product} {ergonomic}

Logging:
Log output configuration:
 #0: stdout all=warning uptime,level,tags
 #1: stderr all=off uptime,level,tags

Environment Variables:
JAVA_HOME=C:\Program Files\Java\jdk-11.0.10
JRE_HOME=C:\Program Files\Java\jre1.8.0_251
CLASSPATH=D:\Master\apache-tomcat-8.5.55\lib\mysql-connector.jar;D:\Master\glassfish5\glassfish\modules\javax.jms-api.jar
PATH=C:\Program Files\Common Files\Oracle\Java\javapath;C:\Program Files (x86)\Common Files\Oracle\Java\javapath;C:\Windows\system32;C:\Windows;C:\Windows\System32\Wbem;C:\Windows\System32\WindowsPowerShell\v1.0\;C:\Program Files (x86)\Windows Live\Shared;C:\xampp\php;C:\ProgramData\ComposerSetup\bin;C:\Program Files\nodejs\;C:\Program Files\Common Files\Oracle\Java\javapath;C:\Program Files (x86)\Common Files\Oracle\Java\javapath;C:\Windows\system32;C:\Windows;C:\Windows\System32\Wbem;C:\Windows\System32\WindowsPowerShell\v1.0\;C:\Program Files (x86)\Windows Live\Shared;C:\xampp\php;C:\ProgramData\ComposerSetup\bin;C:\Program Files\nodejs\;C:\Program Files\Common Files\Oracle\Java\javapath;C:\Program Files (x86)\Common Files\Oracle\Java\javapath;C:\Windows\system32;C:\Windows;C:\Windows\System32\Wbem;C:\Windows\System32\WindowsPowerShell\v1.0\;C:\Program Files (x86)\Windows Live\Shared;C:\xampp\php;C:\ProgramData\ComposerSetup\bin;C:\Program Files\nodejs\;C:\Windows\System32;D:\Master\apache-tomcat-8.5.55\bin;D:\Master\apache-tomcat-8.5.55\lib\mysql-connector.jar;D:\Master\glassfish5\glassfish\modules\javax.jms-api.jar\servlet-api.jar;D:\Master\glassfish5\bin;D:\Master\apache-maven-3.6.3\bin;C:\Windows\System32;C:\Program Files\Git\cmd;D:\Master\kubectl;C:\Program Files\Kubernetes\Minikube;C:\Program Files\Git\usr\bin;C:\Program Files\Docker Toolbox;C:\Program Files\Java\jdk-11.0.10\bin;D:\Master\apache-tomcat-8.5.55\bin;D:\Master\apache-tomcat-8.5.55\lib\mysql-connector.jar;D:\Master\glassfish5\glassfish\modules\javax.jms-api.jar\servlet-api.jar;D:\Master\glassfish5\bin;D:\Master\apache-maven-3.6.3\bin;C:\Program Files\Common Files\Oracle\Java\javapath;C:\Program Files (x86)\Common Files\Oracle\Java\javapath;C:\Windows\system32;C:\Windows;C:\Windows\System32\Wbem;C:\Windows\System32\WindowsPowerShell\v1.0\;C:\Program Files (x86)\Windows Live\Shared;C:\xampp\php;C:\ProgramData\ComposerSetup\bin;C:\Program Files\nodejs\;C:\Windows\System32;D:\Master\apache-tomcat-8.5.5
USERNAME=LENOVO
OS=Windows_NT
PROCESSOR_IDENTIFIER=Intel64 Family 6 Model 42 Stepping 7, GenuineIntel



---------------  S Y S T E M  ---------------

OS: Windows 7 , 64 bit Build 7601 (6.1.7601.24524)

CPU:total 4 (initial active 4) (2 cores per cpu, 2 threads per core) family 6 model 42 stepping 7 microcode 0x0, cmov, cx8, fxsr, mmx, sse, sse2, sse3, ssse3, sse4.1, sse4.2, popcnt, avx, aes, clmul, ht, tsc, tscinvbit

Memory: 4k page, system-wide physical 3983M (408M free)
TotalPageFile size 9481M (AvailPageFile size 432M)
current process WorkingSet (physical memory assigned to process): 262M, peak: 292M
current process commit charge ("private bytes"): 302M, peak: 331M

vm_info: Java HotSpot(TM) 64-Bit Server VM (11.0.10+8-LTS-162) for windows-amd64 JRE (11.0.10+8-LTS-162), built on Dec  8 2020 16:32:57 by "mach5one" with MS VC++ 15.9 (VS2017)

END.
