#
# There is insufficient memory for the Java Runtime Environment to continue.
# Native memory allocation (malloc) failed to allocate 131088 bytes for Chunk::new
# Possible reasons:
#   The system is out of physical RAM or swap space
#   The process is running with CompressedOops enabled, and the Java Heap may be blocking the growth of the native heap
# Possible solutions:
#   Reduce memory load on the system
#   Increase physical memory or swap space
#   Check if swap backing store is full
#   Decrease Java heap size (-Xmx/-Xms)
#   Decrease number of Java threads
#   Decrease Java thread stack sizes (-Xss)
#   Set larger code cache with -XX:ReservedCodeCacheSize=
#   JVM is running with Unscaled Compressed Oops mode in which the Java heap is
#     placed in the first 4GB address space. The Java Heap base address is the
#     maximum limit for the native heap growth. Please use -XX:HeapBaseMinAddress
#     to set the Java Heap base and to place the Java Heap above 4GB virtual address.
# This output file may be truncated or incomplete.
#
#  Out of Memory Error (./open/src/hotspot/share/memory/arena.cpp:197), pid=5056, tid=3968
#
# JRE version: Java(TM) SE Runtime Environment 18.9 (11.0.10+8) (build 11.0.10+8-LTS-162)
# Java VM: Java HotSpot(TM) 64-Bit Server VM 18.9 (11.0.10+8-LTS-162, mixed mode, tiered, compressed oops, g1 gc, windows-amd64)
# No core dump will be written. Minidumps are not enabled by default on client versions of Windows
#

---------------  S U M M A R Y ------------

Command Line: -javaagent:C:\Program Files\JetBrains\IntelliJ IDEA Community Edition 2021.2.3\lib\idea_rt.jar=58268:C:\Program Files\JetBrains\IntelliJ IDEA Community Edition 2021.2.3\bin -Dfile.encoding=UTF-8 sch.binadharma.spp.SchoolPaymentApplication

Host: Intel(R) Core(TM) i5-2520M CPU @ 2.50GHz, 4 cores, 3G,  Windows 7 , 64 bit Build 7601 (6.1.7601.24524)
Time: Sat Jun 11 23:06:29 2022 SE Asia Standard Time elapsed time: 147.131780 seconds (0d 0h 2m 27s)

---------------  T H R E A D  ---------------

Current thread (0x000000005fd03000):  JavaThread "C2 CompilerThread0" daemon [_thread_in_native, id=3968, stack(0x00000000604e0000,0x00000000605e0000)]


Current CompileTask:
C2: 147131 8131       4       com.fasterxml.jackson.databind.type.TypeFactory::_fromAny (171 bytes)

Stack: [0x00000000604e0000,0x00000000605e0000]
Native frames: (J=compiled Java code, j=interpreted, Vv=VM code, C=native code)
V  [jvm.dll+0x613e6a]
V  [jvm.dll+0x74c1ff]
V  [jvm.dll+0x74d885]
V  [jvm.dll+0x74df03]
V  [jvm.dll+0x243b78]
V  [jvm.dll+0xba2cc]
V  [jvm.dll+0xba43d]
V  [jvm.dll+0x5f449f]
V  [jvm.dll+0x2041eb]
V  [jvm.dll+0x63dd3a]
V  [jvm.dll+0x1fc39c]
V  [jvm.dll+0x17f09c]
V  [jvm.dll+0x20bbd4]
V  [jvm.dll+0x209cab]
V  [jvm.dll+0x713619]
V  [jvm.dll+0x70c314]
V  [jvm.dll+0x613036]
C  [ucrtbase.DLL+0x1d912]
C  [kernel32.dll+0x1556d]
C  [ntdll.dll+0x5385d]


---------------  P R O C E S S  ---------------

Threads class SMR info:
_java_thread_list=0x0000000064b7c950, length=35, elements={
0x000000005fcf5800, 0x000000005fcf7800, 0x000000005fcee000, 0x000000005fd02000,
0x000000005fd03000, 0x000000005fd06000, 0x000000005fd63000, 0x000000005fc70800,
0x000000006130a000, 0x0000000060f0b000, 0x0000000065e09000, 0x0000000067522800,
0x0000000067523000, 0x0000000062bee800, 0x0000000064c2f800, 0x0000000065bdd000,
0x0000000064436000, 0x0000000066255000, 0x00000000671fe000, 0x000000006163a800,
0x000000006163b800, 0x000000006163c800, 0x000000006163d000, 0x00000000662d2800,
0x00000000662d3000, 0x00000000662d4000, 0x00000000662d5000, 0x00000000662d5800,
0x00000000662d6800, 0x00000000662d7000, 0x00000000662d8000, 0x00000000662d9000,
0x00000000614b8800, 0x00000000614b9800, 0x00000000614ba000
}

Java Threads: ( => current thread )
  0x000000005fcf5800 JavaThread "Reference Handler" daemon [_thread_blocked, id=7016, stack(0x000000005ff50000,0x0000000060050000)]
  0x000000005fcf7800 JavaThread "Finalizer" daemon [_thread_blocked, id=6228, stack(0x000000001f130000,0x000000001f230000)]
  0x000000005fcee000 JavaThread "Signal Dispatcher" daemon [_thread_blocked, id=856, stack(0x00000000600d0000,0x00000000601d0000)]
  0x000000005fd02000 JavaThread "Attach Listener" daemon [_thread_blocked, id=4408, stack(0x0000000060370000,0x0000000060470000)]
=>0x000000005fd03000 JavaThread "C2 CompilerThread0" daemon [_thread_in_native, id=3968, stack(0x00000000604e0000,0x00000000605e0000)]
  0x000000005fd06000 JavaThread "C1 CompilerThread0" daemon [_thread_blocked, id=4100, stack(0x0000000060210000,0x0000000060310000)]
  0x000000005fd63000 JavaThread "Sweeper thread" daemon [_thread_blocked, id=996, stack(0x0000000060760000,0x0000000060860000)]
  0x000000005fc70800 JavaThread "Common-Cleaner" daemon [_thread_blocked, id=1972, stack(0x0000000060610000,0x0000000060710000)]
  0x000000006130a000 JavaThread "Monitor Ctrl-Break" daemon [_thread_in_native, id=4644, stack(0x0000000061820000,0x0000000061920000)]
  0x0000000060f0b000 JavaThread "Service Thread" daemon [_thread_blocked, id=6576, stack(0x0000000061ab0000,0x0000000061bb0000)]
  0x0000000065e09000 JavaThread "Catalina-utility-1" [_thread_blocked, id=6916, stack(0x0000000063df0000,0x0000000063ef0000)]
  0x0000000067522800 JavaThread "Catalina-utility-2" [_thread_blocked, id=5920, stack(0x0000000069240000,0x0000000069340000)]
  0x0000000067523000 JavaThread "container-0" [_thread_blocked, id=784, stack(0x0000000069450000,0x0000000069550000)]
  0x0000000062bee800 JavaThread "HikariPool-1 housekeeper" daemon [_thread_blocked, id=3068, stack(0x0000000063660000,0x0000000063760000)]
  0x0000000064c2f800 JavaThread "spring.cloud.inetutils" daemon [_thread_blocked, id=1892, stack(0x000000006ae60000,0x000000006af60000)]
  0x0000000065bdd000 JavaThread "AsyncResolver-bootstrap-0" daemon [_thread_blocked, id=3644, stack(0x000000006a510000,0x000000006a610000)]
  0x0000000064436000 JavaThread "DiscoveryClient-0" daemon [_thread_blocked, id=4536, stack(0x0000000063a10000,0x0000000063b10000)]
  0x0000000066255000 JavaThread "DiscoveryClient-1" daemon [_thread_blocked, id=5144, stack(0x000000006ad10000,0x000000006ae10000)]
  0x00000000671fe000 JavaThread "DiscoveryClient-InstanceInfoReplicator-0" daemon [_thread_blocked, id=5648, stack(0x0000000069340000,0x0000000069440000)]
  0x000000006163a800 JavaThread "http-nio-8080-BlockPoller" daemon [_thread_in_native, id=4412, stack(0x000000006b000000,0x000000006b100000)]
  0x000000006163b800 JavaThread "http-nio-8080-exec-1" daemon [_thread_blocked, id=7004, stack(0x000000006b8d0000,0x000000006b9d0000)]
  0x000000006163c800 JavaThread "http-nio-8080-exec-2" daemon [_thread_blocked, id=6188, stack(0x000000006d190000,0x000000006d290000)]
  0x000000006163d000 JavaThread "http-nio-8080-exec-3" daemon [_thread_blocked, id=5244, stack(0x000000006d080000,0x000000006d180000)]
  0x00000000662d2800 JavaThread "http-nio-8080-exec-4" daemon [_thread_blocked, id=4976, stack(0x000000006d2d0000,0x000000006d3d0000)]
  0x00000000662d3000 JavaThread "http-nio-8080-exec-5" daemon [_thread_blocked, id=2532, stack(0x000000006d410000,0x000000006d510000)]
  0x00000000662d4000 JavaThread "http-nio-8080-exec-6" daemon [_thread_blocked, id=6140, stack(0x000000006d5a0000,0x000000006d6a0000)]
  0x00000000662d5000 JavaThread "http-nio-8080-exec-7" daemon [_thread_blocked, id=4712, stack(0x000000006b320000,0x000000006b420000)]
  0x00000000662d5800 JavaThread "http-nio-8080-exec-8" daemon [_thread_blocked, id=5080, stack(0x000000006d840000,0x000000006d940000)]
  0x00000000662d6800 JavaThread "http-nio-8080-exec-9" daemon [_thread_blocked, id=6008, stack(0x000000006d990000,0x000000006da90000)]
  0x00000000662d7000 JavaThread "http-nio-8080-exec-10" daemon [_thread_blocked, id=7024, stack(0x000000006db90000,0x000000006dc90000)]
  0x00000000662d8000 JavaThread "http-nio-8080-ClientPoller" daemon [_thread_in_native, id=752, stack(0x000000006dd80000,0x000000006de80000)]
  0x00000000662d9000 JavaThread "http-nio-8080-Acceptor" daemon [_thread_in_native, id=3944, stack(0x000000006df60000,0x000000006e060000)]
  0x00000000614b8800 JavaThread "DestroyJavaVM" [_thread_blocked, id=3452, stack(0x0000000002180000,0x0000000002280000)]
  0x00000000614b9800 JavaThread "DiscoveryClient-CacheRefreshExecutor-0" daemon [_thread_blocked, id=5540, stack(0x000000006e470000,0x000000006e570000)]
  0x00000000614ba000 JavaThread "DiscoveryClient-HeartbeatExecutor-0" daemon [_thread_blocked, id=6824, stack(0x000000006e680000,0x000000006e780000)]

Other Threads:
  0x000000005fc9f000 VMThread "VM Thread" [stack: 0x000000005fe20000,0x000000005ff20000] [id=5664]
  0x0000000060a68800 WatcherThread [stack: 0x0000000061930000,0x0000000061a30000] [id=5520]
  0x0000000000345800 GCTaskThread "GC Thread#0" [stack: 0x0000000019e80000,0x0000000019f80000] [id=5808]
  0x00000000613c6800 GCTaskThread "GC Thread#1" [stack: 0x0000000061c50000,0x0000000061d50000] [id=7132]
  0x00000000629ad800 GCTaskThread "GC Thread#2" [stack: 0x0000000063ef0000,0x0000000063ff0000] [id=3176]
  0x00000000629b0000 GCTaskThread "GC Thread#3" [stack: 0x00000000640d0000,0x00000000641d0000] [id=3160]
  0x0000000000362000 ConcurrentGCThread "G1 Main Marker" [stack: 0x000000001c920000,0x000000001ca20000] [id=3344]
  0x0000000000363800 ConcurrentGCThread "G1 Conc#0" [stack: 0x000000001cb50000,0x000000001cc50000] [id=6796]
  0x000000001ee87800 ConcurrentGCThread "G1 Refine#0" [stack: 0x000000001f030000,0x000000001f130000] [id=5284]
  0x000000001ee89000 ConcurrentGCThread "G1 Young RemSet Sampling" [stack: 0x000000001f2f0000,0x000000001f3f0000] [id=7028]

Threads with active compile tasks:
C2 CompilerThread0 152221 8131       4       com.fasterxml.jackson.databind.type.TypeFactory::_fromAny (171 bytes)

VM state:not at safepoint (normal execution)

VM Mutex/Monitor currently owned by a thread: None

Heap address: 0x00000000c1c00000, size: 996 MB, Compressed Oops mode: 32-bit
Narrow klass base: 0x0000000000000000, Narrow klass shift: 0
Compressed class space size: 1073741824 Address: 0x000000001f3f0000

Heap:
 garbage-first heap   total 119808K, used 63877K [0x00000000c1c00000, 0x0000000100000000)
  region size 1024K, 30 young (30720K), 4 survivors (4096K)
 Metaspace       used 81104K, capacity 83057K, committed 83148K, reserved 1122304K
  class space    used 10375K, capacity 11188K, committed 11264K, reserved 1048576K
Heap Regions: E=young(eden), S=young(survivor), O=old, HS=humongous(starts), HC=humongous(continues), CS=collection set, F=free, A=archive, TAMS=top-at-mark-start (previous, next)
|   0|0x00000000c1c00000, 0x00000000c1d00000, 0x00000000c1d00000|100%|HS|  |TAMS 0x00000000c1d00000, 0x00000000c1c00000| Complete 
|   1|0x00000000c1d00000, 0x00000000c1e00000, 0x00000000c1e00000|100%| O|  |TAMS 0x00000000c1e00000, 0x00000000c1d00000| Untracked 
|   2|0x00000000c1e00000, 0x00000000c1f00000, 0x00000000c1f00000|100%| O|  |TAMS 0x00000000c1f00000, 0x00000000c1e00000| Untracked 
|   3|0x00000000c1f00000, 0x00000000c2000000, 0x00000000c2000000|100%| O|  |TAMS 0x00000000c2000000, 0x00000000c1f00000| Untracked 
|   4|0x00000000c2000000, 0x00000000c2100000, 0x00000000c2100000|100%| O|  |TAMS 0x00000000c2100000, 0x00000000c2000000| Untracked 
|   5|0x00000000c2100000, 0x00000000c2200000, 0x00000000c2200000|100%| O|  |TAMS 0x00000000c2200000, 0x00000000c2100000| Untracked 
|   6|0x00000000c2200000, 0x00000000c2300000, 0x00000000c2300000|100%| O|  |TAMS 0x00000000c2300000, 0x00000000c2200000| Untracked 
|   7|0x00000000c2300000, 0x00000000c2400000, 0x00000000c2400000|100%| O|  |TAMS 0x00000000c2400000, 0x00000000c2300000| Untracked 
|   8|0x00000000c2400000, 0x00000000c2500000, 0x00000000c2500000|100%| O|  |TAMS 0x00000000c2500000, 0x00000000c2400000| Untracked 
|   9|0x00000000c2500000, 0x00000000c2600000, 0x00000000c2600000|100%| O|  |TAMS 0x00000000c2600000, 0x00000000c2500000| Untracked 
|  10|0x00000000c2600000, 0x00000000c2700000, 0x00000000c2700000|100%| O|  |TAMS 0x00000000c2700000, 0x00000000c2600000| Untracked 
|  11|0x00000000c2700000, 0x00000000c2800000, 0x00000000c2800000|100%| O|  |TAMS 0x00000000c2800000, 0x00000000c2700000| Untracked 
|  12|0x00000000c2800000, 0x00000000c2900000, 0x00000000c2900000|100%| O|  |TAMS 0x00000000c2900000, 0x00000000c2800000| Untracked 
|  13|0x00000000c2900000, 0x00000000c2a00000, 0x00000000c2a00000|100%| O|  |TAMS 0x00000000c2a00000, 0x00000000c2900000| Untracked 
|  14|0x00000000c2a00000, 0x00000000c2b00000, 0x00000000c2b00000|100%| O|  |TAMS 0x00000000c2b00000, 0x00000000c2a00000| Untracked 
|  15|0x00000000c2b00000, 0x00000000c2c00000, 0x00000000c2c00000|100%| O|  |TAMS 0x00000000c2c00000, 0x00000000c2b00000| Untracked 
|  16|0x00000000c2c00000, 0x00000000c2d00000, 0x00000000c2d00000|100%| O|  |TAMS 0x00000000c2c9f000, 0x00000000c2c00000| Untracked 
|  17|0x00000000c2d00000, 0x00000000c2e00000, 0x00000000c2e00000|100%| O|  |TAMS 0x00000000c2d00000, 0x00000000c2d00000| Untracked 
|  18|0x00000000c2e00000, 0x00000000c2f00000, 0x00000000c2f00000|100%| O|  |TAMS 0x00000000c2e00000, 0x00000000c2e00000| Untracked 
|  19|0x00000000c2f00000, 0x00000000c3000000, 0x00000000c3000000|100%| O|  |TAMS 0x00000000c2f00000, 0x00000000c2f00000| Untracked 
|  20|0x00000000c3000000, 0x00000000c3100000, 0x00000000c3100000|100%| O|  |TAMS 0x00000000c3100000, 0x00000000c3000000| Untracked 
|  21|0x00000000c3100000, 0x00000000c3200000, 0x00000000c3200000|100%| O|  |TAMS 0x00000000c3200000, 0x00000000c3100000| Untracked 
|  22|0x00000000c3200000, 0x00000000c3300000, 0x00000000c3300000|100%| O|  |TAMS 0x00000000c3200000, 0x00000000c3200000| Untracked 
|  23|0x00000000c3300000, 0x00000000c3400000, 0x00000000c3400000|100%| O|  |TAMS 0x00000000c3300000, 0x00000000c3300000| Untracked 
|  24|0x00000000c3400000, 0x00000000c3500000, 0x00000000c3500000|100%| O|  |TAMS 0x00000000c3400000, 0x00000000c3400000| Untracked 
|  25|0x00000000c3500000, 0x00000000c3600000, 0x00000000c3600000|100%| O|  |TAMS 0x00000000c3500000, 0x00000000c3500000| Untracked 
|  26|0x00000000c3600000, 0x00000000c3700000, 0x00000000c3700000|100%| O|  |TAMS 0x00000000c3600000, 0x00000000c3600000| Untracked 
|  27|0x00000000c3700000, 0x00000000c3800000, 0x00000000c3800000|100%| O|  |TAMS 0x00000000c3700000, 0x00000000c3700000| Untracked 
|  28|0x00000000c3800000, 0x00000000c3900000, 0x00000000c3900000|100%| O|  |TAMS 0x00000000c3800000, 0x00000000c3800000| Untracked 
|  29|0x00000000c3900000, 0x00000000c3a00000, 0x00000000c3a00000|100%| O|  |TAMS 0x00000000c3900000, 0x00000000c3900000| Untracked 
|  30|0x00000000c3a00000, 0x00000000c3b00000, 0x00000000c3b00000|100%| O|  |TAMS 0x00000000c3a00000, 0x00000000c3a00000| Untracked 
|  31|0x00000000c3b00000, 0x00000000c3c00000, 0x00000000c3c00000|100%| O|  |TAMS 0x00000000c3b00000, 0x00000000c3b00000| Untracked 
|  32|0x00000000c3c00000, 0x00000000c3d00000, 0x00000000c3d00000|100%| O|  |TAMS 0x00000000c3c00000, 0x00000000c3c00000| Untracked 
|  33|0x00000000c3d00000, 0x00000000c3d69400, 0x00000000c3e00000| 41%| O|  |TAMS 0x00000000c3d00000, 0x00000000c3d00000| Untracked 
|  34|0x00000000c3e00000, 0x00000000c3e00000, 0x00000000c3f00000|  0%| F|  |TAMS 0x00000000c3e00000, 0x00000000c3e00000| Untracked 
|  35|0x00000000c3f00000, 0x00000000c3f00000, 0x00000000c4000000|  0%| F|  |TAMS 0x00000000c3f00000, 0x00000000c3f00000| Untracked 
|  36|0x00000000c4000000, 0x00000000c4000000, 0x00000000c4100000|  0%| F|  |TAMS 0x00000000c4000000, 0x00000000c4000000| Untracked 
|  37|0x00000000c4100000, 0x00000000c4100000, 0x00000000c4200000|  0%| F|  |TAMS 0x00000000c4100000, 0x00000000c4100000| Untracked 
|  38|0x00000000c4200000, 0x00000000c4200000, 0x00000000c4300000|  0%| F|  |TAMS 0x00000000c4200000, 0x00000000c4200000| Untracked 
|  39|0x00000000c4300000, 0x00000000c4300000, 0x00000000c4400000|  0%| F|  |TAMS 0x00000000c4300000, 0x00000000c4300000| Untracked 
|  40|0x00000000c4400000, 0x00000000c4400000, 0x00000000c4500000|  0%| F|  |TAMS 0x00000000c4400000, 0x00000000c4400000| Untracked 
|  41|0x00000000c4500000, 0x00000000c4500000, 0x00000000c4600000|  0%| F|  |TAMS 0x00000000c4500000, 0x00000000c4500000| Untracked 
|  42|0x00000000c4600000, 0x00000000c4600000, 0x00000000c4700000|  0%| F|  |TAMS 0x00000000c4600000, 0x00000000c4600000| Untracked 
|  43|0x00000000c4700000, 0x00000000c4700000, 0x00000000c4800000|  0%| F|  |TAMS 0x00000000c4700000, 0x00000000c4700000| Untracked 
|  44|0x00000000c4800000, 0x00000000c4800000, 0x00000000c4900000|  0%| F|  |TAMS 0x00000000c4800000, 0x00000000c4800000| Untracked 
|  45|0x00000000c4900000, 0x00000000c4900000, 0x00000000c4a00000|  0%| F|  |TAMS 0x00000000c4900000, 0x00000000c4900000| Untracked 
|  46|0x00000000c4a00000, 0x00000000c4a00000, 0x00000000c4b00000|  0%| F|  |TAMS 0x00000000c4a00000, 0x00000000c4a00000| Untracked 
|  47|0x00000000c4b00000, 0x00000000c4b00000, 0x00000000c4c00000|  0%| F|  |TAMS 0x00000000c4b00000, 0x00000000c4b00000| Untracked 
|  48|0x00000000c4c00000, 0x00000000c4c00000, 0x00000000c4d00000|  0%| F|  |TAMS 0x00000000c4c00000, 0x00000000c4c00000| Untracked 
|  49|0x00000000c4d00000, 0x00000000c4d00000, 0x00000000c4e00000|  0%| F|  |TAMS 0x00000000c4d00000, 0x00000000c4d00000| Untracked 
|  50|0x00000000c4e00000, 0x00000000c4e00000, 0x00000000c4f00000|  0%| F|  |TAMS 0x00000000c4e00000, 0x00000000c4e00000| Untracked 
|  51|0x00000000c4f00000, 0x00000000c4f00000, 0x00000000c5000000|  0%| F|  |TAMS 0x00000000c4f00000, 0x00000000c4f00000| Untracked 
|  52|0x00000000c5000000, 0x00000000c5000000, 0x00000000c5100000|  0%| F|  |TAMS 0x00000000c5000000, 0x00000000c5000000| Untracked 
|  53|0x00000000c5100000, 0x00000000c5100000, 0x00000000c5200000|  0%| F|  |TAMS 0x00000000c5100000, 0x00000000c5100000| Untracked 
|  54|0x00000000c5200000, 0x00000000c5200000, 0x00000000c5300000|  0%| F|  |TAMS 0x00000000c5200000, 0x00000000c5200000| Untracked 
|  55|0x00000000c5300000, 0x00000000c5300000, 0x00000000c5400000|  0%| F|  |TAMS 0x00000000c5300000, 0x00000000c5300000| Untracked 
|  56|0x00000000c5400000, 0x00000000c5400000, 0x00000000c5500000|  0%| F|  |TAMS 0x00000000c5400000, 0x00000000c5400000| Untracked 
|  57|0x00000000c5500000, 0x00000000c5500000, 0x00000000c5600000|  0%| F|  |TAMS 0x00000000c5500000, 0x00000000c5500000| Untracked 
|  58|0x00000000c5600000, 0x00000000c56f8058, 0x00000000c5700000| 96%| S|CS|TAMS 0x00000000c5600000, 0x00000000c5600000| Complete 
|  59|0x00000000c5700000, 0x00000000c5800000, 0x00000000c5800000|100%| S|CS|TAMS 0x00000000c5700000, 0x00000000c5700000| Complete 
|  60|0x00000000c5800000, 0x00000000c5900000, 0x00000000c5900000|100%| S|CS|TAMS 0x00000000c5800000, 0x00000000c5800000| Complete 
|  61|0x00000000c5900000, 0x00000000c5a00000, 0x00000000c5a00000|100%| S|CS|TAMS 0x00000000c5900000, 0x00000000c5900000| Complete 
|  62|0x00000000c5a00000, 0x00000000c5a00000, 0x00000000c5b00000|  0%| F|  |TAMS 0x00000000c5a00000, 0x00000000c5a00000| Untracked 
|  63|0x00000000c5b00000, 0x00000000c5b00000, 0x00000000c5c00000|  0%| F|  |TAMS 0x00000000c5b00000, 0x00000000c5b00000| Untracked 
|  64|0x00000000c5c00000, 0x00000000c5c00000, 0x00000000c5d00000|  0%| F|  |TAMS 0x00000000c5c00000, 0x00000000c5c00000| Untracked 
|  65|0x00000000c5d00000, 0x00000000c5d00000, 0x00000000c5e00000|  0%| F|  |TAMS 0x00000000c5d00000, 0x00000000c5d00000| Untracked 
|  66|0x00000000c5e00000, 0x00000000c5e00000, 0x00000000c5f00000|  0%| F|  |TAMS 0x00000000c5e00000, 0x00000000c5e00000| Untracked 
|  67|0x00000000c5f00000, 0x00000000c5f00000, 0x00000000c6000000|  0%| F|  |TAMS 0x00000000c5f00000, 0x00000000c5f00000| Untracked 
|  68|0x00000000c6000000, 0x00000000c6000000, 0x00000000c6100000|  0%| F|  |TAMS 0x00000000c6000000, 0x00000000c6000000| Untracked 
|  69|0x00000000c6100000, 0x00000000c6100000, 0x00000000c6200000|  0%| F|  |TAMS 0x00000000c6100000, 0x00000000c6100000| Untracked 
|  70|0x00000000c6200000, 0x00000000c6200000, 0x00000000c6300000|  0%| F|  |TAMS 0x00000000c6200000, 0x00000000c6200000| Untracked 
|  71|0x00000000c6300000, 0x00000000c6300000, 0x00000000c6400000|  0%| F|  |TAMS 0x00000000c6300000, 0x00000000c6300000| Untracked 
|  72|0x00000000c6400000, 0x00000000c6400000, 0x00000000c6500000|  0%| F|  |TAMS 0x00000000c6400000, 0x00000000c6400000| Untracked 
|  73|0x00000000c6500000, 0x00000000c6500000, 0x00000000c6600000|  0%| F|  |TAMS 0x00000000c6500000, 0x00000000c6500000| Untracked 
|  74|0x00000000c6600000, 0x00000000c6600000, 0x00000000c6700000|  0%| F|  |TAMS 0x00000000c6600000, 0x00000000c6600000| Untracked 
|  75|0x00000000c6700000, 0x00000000c6700000, 0x00000000c6800000|  0%| F|  |TAMS 0x00000000c6700000, 0x00000000c6700000| Untracked 
|  76|0x00000000c6800000, 0x00000000c6800000, 0x00000000c6900000|  0%| F|  |TAMS 0x00000000c6800000, 0x00000000c6800000| Untracked 
|  77|0x00000000c6900000, 0x00000000c6900000, 0x00000000c6a00000|  0%| F|  |TAMS 0x00000000c6900000, 0x00000000c6900000| Untracked 
|  78|0x00000000c6a00000, 0x00000000c6a00000, 0x00000000c6b00000|  0%| F|  |TAMS 0x00000000c6a00000, 0x00000000c6a00000| Untracked 
|  79|0x00000000c6b00000, 0x00000000c6b00000, 0x00000000c6c00000|  0%| F|  |TAMS 0x00000000c6b00000, 0x00000000c6b00000| Untracked 
|  80|0x00000000c6c00000, 0x00000000c6c00000, 0x00000000c6d00000|  0%| F|  |TAMS 0x00000000c6c00000, 0x00000000c6c00000| Untracked 
|  81|0x00000000c6d00000, 0x00000000c6d00000, 0x00000000c6e00000|  0%| F|  |TAMS 0x00000000c6d00000, 0x00000000c6d00000| Untracked 
|  82|0x00000000c6e00000, 0x00000000c6e00000, 0x00000000c6f00000|  0%| F|  |TAMS 0x00000000c6e00000, 0x00000000c6e00000| Untracked 
|  83|0x00000000c6f00000, 0x00000000c6f00000, 0x00000000c7000000|  0%| F|  |TAMS 0x00000000c6f00000, 0x00000000c6f00000| Untracked 
|  84|0x00000000c7000000, 0x00000000c7000000, 0x00000000c7100000|  0%| F|  |TAMS 0x00000000c7000000, 0x00000000c7000000| Untracked 
|  85|0x00000000c7100000, 0x00000000c7100000, 0x00000000c7200000|  0%| F|  |TAMS 0x00000000c7100000, 0x00000000c7100000| Untracked 
|  86|0x00000000c7200000, 0x00000000c7200000, 0x00000000c7300000|  0%| F|  |TAMS 0x00000000c7200000, 0x00000000c7200000| Untracked 
|  87|0x00000000c7300000, 0x00000000c7300000, 0x00000000c7400000|  0%| F|  |TAMS 0x00000000c7300000, 0x00000000c7300000| Untracked 
|  88|0x00000000c7400000, 0x00000000c7400000, 0x00000000c7500000|  0%| F|  |TAMS 0x00000000c7400000, 0x00000000c7400000| Untracked 
|  89|0x00000000c7500000, 0x00000000c7500000, 0x00000000c7600000|  0%| F|  |TAMS 0x00000000c7500000, 0x00000000c7500000| Untracked 
|  90|0x00000000c7600000, 0x00000000c7600000, 0x00000000c7700000|  0%| F|  |TAMS 0x00000000c7600000, 0x00000000c7600000| Untracked 
|  91|0x00000000c7700000, 0x00000000c777c410, 0x00000000c7800000| 48%| E|  |TAMS 0x00000000c7700000, 0x00000000c7700000| Complete 
|  92|0x00000000c7800000, 0x00000000c7900000, 0x00000000c7900000|100%| E|CS|TAMS 0x00000000c7800000, 0x00000000c7800000| Complete 
|  93|0x00000000c7900000, 0x00000000c7a00000, 0x00000000c7a00000|100%| E|CS|TAMS 0x00000000c7900000, 0x00000000c7900000| Complete 
|  94|0x00000000c7a00000, 0x00000000c7b00000, 0x00000000c7b00000|100%| E|CS|TAMS 0x00000000c7a00000, 0x00000000c7a00000| Complete 
|  95|0x00000000c7b00000, 0x00000000c7c00000, 0x00000000c7c00000|100%| E|CS|TAMS 0x00000000c7b00000, 0x00000000c7b00000| Complete 
|  96|0x00000000c7c00000, 0x00000000c7d00000, 0x00000000c7d00000|100%| E|CS|TAMS 0x00000000c7c00000, 0x00000000c7c00000| Complete 
|  97|0x00000000c7d00000, 0x00000000c7e00000, 0x00000000c7e00000|100%| E|CS|TAMS 0x00000000c7d00000, 0x00000000c7d00000| Complete 
|  98|0x00000000c7e00000, 0x00000000c7f00000, 0x00000000c7f00000|100%| E|CS|TAMS 0x00000000c7e00000, 0x00000000c7e00000| Complete 
|  99|0x00000000c7f00000, 0x00000000c8000000, 0x00000000c8000000|100%| E|CS|TAMS 0x00000000c7f00000, 0x00000000c7f00000| Complete 
| 100|0x00000000c8000000, 0x00000000c8100000, 0x00000000c8100000|100%| E|CS|TAMS 0x00000000c8000000, 0x00000000c8000000| Complete 
| 101|0x00000000c8100000, 0x00000000c8200000, 0x00000000c8200000|100%| E|CS|TAMS 0x00000000c8100000, 0x00000000c8100000| Complete 
| 102|0x00000000c8200000, 0x00000000c8300000, 0x00000000c8300000|100%| E|CS|TAMS 0x00000000c8200000, 0x00000000c8200000| Complete 
| 103|0x00000000c8300000, 0x00000000c8400000, 0x00000000c8400000|100%| E|CS|TAMS 0x00000000c8300000, 0x00000000c8300000| Complete 
| 104|0x00000000c8400000, 0x00000000c8500000, 0x00000000c8500000|100%| E|CS|TAMS 0x00000000c8400000, 0x00000000c8400000| Complete 
| 105|0x00000000c8500000, 0x00000000c8600000, 0x00000000c8600000|100%| E|CS|TAMS 0x00000000c8500000, 0x00000000c8500000| Complete 
| 106|0x00000000c8600000, 0x00000000c8700000, 0x00000000c8700000|100%| E|CS|TAMS 0x00000000c8600000, 0x00000000c8600000| Complete 
| 107|0x00000000c8700000, 0x00000000c8800000, 0x00000000c8800000|100%| E|CS|TAMS 0x00000000c8700000, 0x00000000c8700000| Complete 
| 108|0x00000000c8800000, 0x00000000c8900000, 0x00000000c8900000|100%| E|CS|TAMS 0x00000000c8800000, 0x00000000c8800000| Complete 
| 109|0x00000000c8900000, 0x00000000c8a00000, 0x00000000c8a00000|100%| E|CS|TAMS 0x00000000c8900000, 0x00000000c8900000| Complete 
| 110|0x00000000c8a00000, 0x00000000c8b00000, 0x00000000c8b00000|100%| E|CS|TAMS 0x00000000c8a00000, 0x00000000c8a00000| Complete 
| 111|0x00000000c8b00000, 0x00000000c8c00000, 0x00000000c8c00000|100%| E|CS|TAMS 0x00000000c8b00000, 0x00000000c8b00000| Complete 
| 112|0x00000000c8c00000, 0x00000000c8d00000, 0x00000000c8d00000|100%| E|CS|TAMS 0x00000000c8c00000, 0x00000000c8c00000| Complete 
| 113|0x00000000c8d00000, 0x00000000c8e00000, 0x00000000c8e00000|100%| E|CS|TAMS 0x00000000c8d00000, 0x00000000c8d00000| Complete 
| 114|0x00000000c8e00000, 0x00000000c8f00000, 0x00000000c8f00000|100%| E|CS|TAMS 0x00000000c8e00000, 0x00000000c8e00000| Complete 
| 115|0x00000000c8f00000, 0x00000000c9000000, 0x00000000c9000000|100%| E|CS|TAMS 0x00000000c8f00000, 0x00000000c8f00000| Complete 
| 116|0x00000000c9000000, 0x00000000c9100000, 0x00000000c9100000|100%| E|CS|TAMS 0x00000000c9000000, 0x00000000c9000000| Complete 

Card table byte_map: [0x000000001a4b0000,0x000000001a6b0000] _byte_map_base: 0x0000000019ea2000

Marking Bits (Prev, Next): (CMBitMap*) 0x000000000035afb0, (CMBitMap*) 0x000000000035af78
 Prev Bits: [0x000000001b840000, 0x000000001c7d0000)
 Next Bits: [0x000000001a8b0000, 0x000000001b840000)

Polling page: 0x0000000000230000

Metaspace:

Usage:
  Non-class:     70.18 MB capacity,    69.07 MB ( 98%) used,   884.22 KB (  1%) free+waste,   255.63 KB ( <1%) overhead. 
      Class:     10.93 MB capacity,    10.13 MB ( 93%) used,   694.05 KB (  6%) free+waste,   118.50 KB (  1%) overhead. 
       Both:     81.11 MB capacity,    79.20 MB ( 98%) used,     1.54 MB (  2%) free+waste,   374.13 KB ( <1%) overhead. 

Virtual space:
  Non-class space:       72.00 MB reserved,      70.20 MB ( 97%) committed 
      Class space:        1.00 GB reserved,      11.00 MB (  1%) committed 
             Both:        1.07 GB reserved,      81.20 MB (  7%) committed 

Chunk freelists:
   Non-Class:  1.88 KB
       Class:  1.50 KB
        Both:  3.38 KB

CodeHeap 'non-profiled nmethods': size=120064Kb used=5061Kb max_used=5061Kb free=115002Kb
 bounds [0x00000000125a0000, 0x0000000012aa0000, 0x0000000019ae0000]
CodeHeap 'profiled nmethods': size=120000Kb used=17644Kb max_used=17644Kb free=102355Kb
 bounds [0x000000000b070000, 0x000000000c1b0000, 0x00000000125a0000]
CodeHeap 'non-nmethods': size=5696Kb used=1247Kb max_used=1278Kb free=4449Kb
 bounds [0x000000000aae0000, 0x000000000ad50000, 0x000000000b070000]
 total_blobs=8626 nmethods=7998 adapters=538
 compilation: enabled
              stopped_count=0, restarted_count=0
 full_count=0

Compilation events (10 events):
Event: 146.462 Thread 0x000000005fd06000 8134       1       java.net.InetSocketAddress$InetSocketAddressHolder::getAddress (5 bytes)
Event: 146.462 Thread 0x000000005fd06000 nmethod 8134 0x0000000012a90610 code [0x0000000012a907a0, 0x0000000012a90858]
Event: 146.462 Thread 0x000000005fd06000 8135       1       java.net.InetSocketAddress$InetSocketAddressHolder::getPort (5 bytes)
Event: 146.462 Thread 0x000000005fd06000 nmethod 8135 0x0000000012a90910 code [0x0000000012a90aa0, 0x0000000012a90b58]
Event: 147.094 Thread 0x000000005fd06000 8136       1       org.apache.tomcat.util.net.SocketProperties::getTimeoutInterval (5 bytes)
Event: 147.094 Thread 0x000000005fd06000 nmethod 8136 0x0000000012a90c10 code [0x0000000012a90da0, 0x0000000012a90e58]
Event: 147.109 Thread 0x000000005fd06000 8137       3       org.apache.http.util.LangUtils::hashCode (17 bytes)
Event: 147.109 Thread 0x000000005fd06000 nmethod 8137 0x000000000c1aa490 code [0x000000000c1aa640, 0x000000000c1aa8a8]
Event: 147.110 Thread 0x000000005fd06000 8139       3       java.lang.Class::getPackage (38 bytes)
Event: 147.111 Thread 0x000000005fd06000 nmethod 8139 0x000000000c1aa990 code [0x000000000c1aaba0, 0x000000000c1ab198]

GC Heap History (10 events):
Event: 11.414 GC heap before
{Heap before GC invocations=14 (full 0):
 garbage-first heap   total 119808K, used 67860K [0x00000000c1c00000, 0x0000000100000000)
  region size 1024K, 51 young (52224K), 6 survivors (6144K)
 Metaspace       used 58659K, capacity 59927K, committed 60160K, reserved 1101824K
  class space    used 7447K, capacity 7931K, committed 7936K, reserved 1048576K
}
Event: 11.430 GC heap after
{Heap after GC invocations=15 (full 0):
 garbage-first heap   total 119808K, used 24705K [0x00000000c1c00000, 0x0000000100000000)
  region size 1024K, 6 young (6144K), 6 survivors (6144K)
 Metaspace       used 58659K, capacity 59927K, committed 60160K, reserved 1101824K
  class space    used 7447K, capacity 7931K, committed 7936K, reserved 1048576K
}
Event: 12.883 GC heap before
{Heap before GC invocations=16 (full 0):
 garbage-first heap   total 119808K, used 83073K [0x00000000c1c00000, 0x0000000100000000)
  region size 1024K, 63 young (64512K), 6 survivors (6144K)
 Metaspace       used 62658K, capacity 64190K, committed 64460K, reserved 1105920K
  class space    used 7998K, capacity 8615K, committed 8704K, reserved 1048576K
}
Event: 12.900 GC heap after
{Heap after GC invocations=17 (full 0):
 garbage-first heap   total 119808K, used 27395K [0x00000000c1c00000, 0x0000000100000000)
  region size 1024K, 5 young (5120K), 5 survivors (5120K)
 Metaspace       used 62658K, capacity 64190K, committed 64460K, reserved 1105920K
  class space    used 7998K, capacity 8615K, committed 8704K, reserved 1048576K
}
Event: 13.875 GC heap before
{Heap before GC invocations=17 (full 0):
 garbage-first heap   total 119808K, used 86787K [0x00000000c1c00000, 0x0000000100000000)
  region size 1024K, 63 young (64512K), 5 survivors (5120K)
 Metaspace       used 66507K, capacity 68110K, committed 68300K, reserved 1107968K
  class space    used 8525K, capacity 9148K, committed 9216K, reserved 1048576K
}
Event: 13.891 GC heap after
{Heap after GC invocations=18 (full 0):
 garbage-first heap   total 119808K, used 30374K [0x00000000c1c00000, 0x0000000100000000)
  region size 1024K, 6 young (6144K), 6 survivors (6144K)
 Metaspace       used 66507K, capacity 68110K, committed 68300K, reserved 1107968K
  class space    used 8525K, capacity 9148K, committed 9216K, reserved 1048576K
}
Event: 15.712 GC heap before
{Heap before GC invocations=18 (full 0):
 garbage-first heap   total 119808K, used 89766K [0x00000000c1c00000, 0x0000000100000000)
  region size 1024K, 64 young (65536K), 6 survivors (6144K)
 Metaspace       used 72364K, capacity 74228K, committed 74316K, reserved 1114112K
  class space    used 9323K, capacity 10093K, committed 10112K, reserved 1048576K
}
Event: 15.731 GC heap after
{Heap after GC invocations=19 (full 0):
 garbage-first heap   total 119808K, used 34929K [0x00000000c1c00000, 0x0000000100000000)
  region size 1024K, 8 young (8192K), 8 survivors (8192K)
 Metaspace       used 72364K, capacity 74228K, committed 74316K, reserved 1114112K
  class space    used 9323K, capacity 10093K, committed 10112K, reserved 1048576K
}
Event: 29.317 GC heap before
{Heap before GC invocations=19 (full 0):
 garbage-first heap   total 119808K, used 91249K [0x00000000c1c00000, 0x0000000100000000)
  region size 1024K, 63 young (64512K), 8 survivors (8192K)
 Metaspace       used 79698K, capacity 81636K, committed 81740K, reserved 1120256K
  class space    used 10261K, capacity 11057K, committed 11136K, reserved 1048576K
}
Event: 29.339 GC heap after
{Heap after GC invocations=20 (full 0):
 garbage-first heap   total 119808K, used 38277K [0x00000000c1c00000, 0x0000000100000000)
  region size 1024K, 4 young (4096K), 4 survivors (4096K)
 Metaspace       used 79698K, capacity 81636K, committed 81740K, reserved 1120256K
  class space    used 10261K, capacity 11057K, committed 11136K, reserved 1048576K
}

Deoptimization events (10 events):
Event: 18.273 Thread 0x000000000032f000 Uncommon trap: reason=unstable_if action=reinterpret pc=0x000000001294dce4 method=org.springframework.core.annotation.AnnotationsScanner.processMethodHierarchy(Ljava/lang/Object;[ILjava/lang/Class;Lorg/springframework/core/annotation/AnnotationsProcessor;
Event: 28.867 Thread 0x000000006163b800 Uncommon trap: reason=predicate action=maybe_recompile pc=0x0000000012816014 method=sun.security.provider.DigestBase.implCompressMultiBlock0([BII)I @ 2 c2
Event: 29.082 Thread 0x000000006163b800 Uncommon trap: reason=class_check action=maybe_recompile pc=0x0000000012a44c98 method=sun.security.provider.DigestBase.engineReset()V @ 11 c2
Event: 29.082 Thread 0x000000006163b800 Uncommon trap: reason=class_check action=maybe_recompile pc=0x0000000012a44c98 method=sun.security.provider.DigestBase.engineReset()V @ 11 c2
Event: 29.082 Thread 0x000000006163b800 Uncommon trap: reason=class_check action=maybe_recompile pc=0x0000000012a44c98 method=sun.security.provider.DigestBase.engineReset()V @ 11 c2
Event: 29.264 Thread 0x000000006163d000 Uncommon trap: reason=unstable_if action=reinterpret pc=0x0000000012a54e78 method=org.thymeleaf.engine.AttributeName.equals(Ljava/lang/Object;)Z @ 2 c2
Event: 29.264 Thread 0x000000006163d000 Uncommon trap: reason=unstable_if action=reinterpret pc=0x0000000012a549a8 method=org.thymeleaf.engine.AttributeName.equals(Ljava/lang/Object;)Z @ 2 c2
Event: 29.380 Thread 0x000000006163d000 Uncommon trap: reason=loop_limit_check action=maybe_recompile pc=0x0000000012a57ea4 method=org.attoparser.util.TextUtil.compareTo(Z[CII[CII)I @ 65 c2
Event: 29.516 Thread 0x000000006163d000 Uncommon trap: reason=unstable_if action=reinterpret pc=0x0000000012a5de10 method=org.unbescape.html.HtmlEscapeSymbols.<init>(Lorg/unbescape/html/HtmlEscapeSymbols$References;[B)V @ 423 c2
Event: 29.551 Thread 0x000000006163d000 Uncommon trap: reason=unstable_if action=reinterpret pc=0x0000000012a60d74 method=org.unbescape.html.HtmlEscapeSymbols.<init>(Lorg/unbescape/html/HtmlEscapeSymbols$References;[B)V @ 337 c2

Classes redefined (0 events):
No events

Internal exceptions (10 events):
Event: 113.479 Thread 0x00000000614b9800 Exception <a 'java/net/ConnectException'{0x00000000c7dea700}: Connection refused: connect> (0x00000000c7dea700) thrown at [./open/src/hotspot/share/prims/jni.cpp, line 632]
Event: 113.485 Thread 0x00000000614ba000 Exception <a 'java/net/ConnectException'{0x00000000c7c3e860}: Connection refused: connect> (0x00000000c7c3e860) thrown at [./open/src/hotspot/share/prims/jni.cpp, line 632]
Event: 114.475 Thread 0x00000000614b9800 Exception <a 'java/net/ConnectException'{0x00000000c7deb170}: Connection refused: connect> (0x00000000c7deb170) thrown at [./open/src/hotspot/share/prims/jni.cpp, line 632]
Event: 114.485 Thread 0x00000000614ba000 Exception <a 'java/net/ConnectException'{0x00000000c7c3f2d0}: Connection refused: connect> (0x00000000c7c3f2d0) thrown at [./open/src/hotspot/share/prims/jni.cpp, line 632]
Event: 115.433 Thread 0x00000000671fe000 Exception <a 'java/net/ConnectException'{0x00000000c7b33670}: Connection refused: connect> (0x00000000c7b33670) thrown at [./open/src/hotspot/share/prims/jni.cpp, line 632]
Event: 116.434 Thread 0x00000000671fe000 Exception <a 'java/net/ConnectException'{0x00000000c7b340e0}: Connection refused: connect> (0x00000000c7b340e0) thrown at [./open/src/hotspot/share/prims/jni.cpp, line 632]
Event: 145.550 Thread 0x00000000614b9800 Exception <a 'java/net/ConnectException'{0x00000000c780f670}: Connection refused: connect> (0x00000000c780f670) thrown at [./open/src/hotspot/share/prims/jni.cpp, line 632]
Event: 145.550 Thread 0x00000000614ba000 Exception <a 'java/net/ConnectException'{0x00000000c79a8ec0}: Connection refused: connect> (0x00000000c79a8ec0) thrown at [./open/src/hotspot/share/prims/jni.cpp, line 632]
Event: 146.545 Thread 0x00000000614b9800 Exception <a 'java/net/ConnectException'{0x00000000c78100e0}: Connection refused: connect> (0x00000000c78100e0) thrown at [./open/src/hotspot/share/prims/jni.cpp, line 632]
Event: 147.096 Thread 0x00000000614ba000 Exception <a 'java/net/ConnectException'{0x00000000c79a9930}: Connection refused: connect> (0x00000000c79a9930) thrown at [./open/src/hotspot/share/prims/jni.cpp, line 632]

Events (10 events):
Event: 146.446 loading class com/fasterxml/jackson/module/kotlin$KotlinModule
Event: 146.446 loading class com/fasterxml/jackson/module/kotlin$KotlinModule done
Event: 146.446 loading class com/fasterxml/jackson/datatype/joda/JodaModule
Event: 146.446 loading class com/fasterxml/jackson/datatype/joda/JodaModule done
Event: 146.446 loading class com/fasterxml/jackson/datatype/joda$JodaModule
Event: 146.446 loading class com/fasterxml/jackson/datatype/joda$JodaModule done
Event: 146.447 loading class com/fasterxml/jackson/module/kotlin/KotlinModule
Event: 146.447 loading class com/fasterxml/jackson/module/kotlin/KotlinModule done
Event: 146.447 loading class com/fasterxml/jackson/module/kotlin$KotlinModule
Event: 146.447 loading class com/fasterxml/jackson/module/kotlin$KotlinModule done


Dynamic libraries:
0x000000013f6d0000 - 0x000000013f6df000 	C:\Program Files\Java\jdk-11.0.10\bin\java.exe
0x0000000077360000 - 0x00000000774ff000 	C:\Windows\SYSTEM32\ntdll.dll
0x0000000077240000 - 0x000000007735f000 	C:\Windows\system32\kernel32.dll
0x000007fefcf20000 - 0x000007fefcf87000 	C:\Windows\system32\KERNELBASE.dll
0x000007feef7f0000 - 0x000007feef808000 	C:\Program Files\Java\jdk-11.0.10\bin\jli.dll
0x000007feff4f0000 - 0x000007feff5cb000 	C:\Windows\system32\ADVAPI32.dll
0x000007feff450000 - 0x000007feff4ef000 	C:\Windows\system32\msvcrt.dll
0x000007fefe770000 - 0x000007fefe78f000 	C:\Windows\SYSTEM32\sechost.dll
0x000007feff050000 - 0x000007feff17c000 	C:\Windows\system32\RPCRT4.dll
0x000007fefb460000 - 0x000007fefb655000 	C:\Windows\WinSxS\amd64_microsoft.windows.common-controls_6595b64144ccf1df_6.0.7601.24483_none_e372d88f30fbb845\COMCTL32.dll
0x000007fefe700000 - 0x000007fefe767000 	C:\Windows\system32\GDI32.dll
0x0000000077140000 - 0x000000007723a000 	C:\Windows\system32\USER32.dll
0x000007fefee80000 - 0x000007fefee8e000 	C:\Windows\system32\LPK.dll
0x000007fefea60000 - 0x000007fefeb2b000 	C:\Windows\system32\USP10.dll
0x000007fefeec0000 - 0x000007fefef31000 	C:\Windows\system32\SHLWAPI.dll
0x000007fefbf60000 - 0x000007fefbf6c000 	C:\Windows\system32\VERSION.dll
0x000007feef7d0000 - 0x000007feef7e5000 	C:\Program Files\Java\jdk-11.0.10\bin\VCRUNTIME140.dll
0x000007feef7c0000 - 0x000007feef7c4000 	C:\Program Files\Java\jdk-11.0.10\bin\api-ms-win-crt-runtime-l1-1-0.dll
0x000007feef6c0000 - 0x000007feef7ba000 	C:\Program Files\Java\jdk-11.0.10\bin\ucrtbase.DLL
0x000007feef6b0000 - 0x000007feef6b3000 	C:\Program Files\Java\jdk-11.0.10\bin\api-ms-win-core-localization-l1-2-0.dll
0x000007feef6a0000 - 0x000007feef6a3000 	C:\Program Files\Java\jdk-11.0.10\bin\api-ms-win-core-processthreads-l1-1-1.dll
0x000007feef690000 - 0x000007feef693000 	C:\Program Files\Java\jdk-11.0.10\bin\api-ms-win-core-file-l1-2-0.dll
0x000007feef680000 - 0x000007feef683000 	C:\Program Files\Java\jdk-11.0.10\bin\api-ms-win-core-timezone-l1-1-0.dll
0x000007feef670000 - 0x000007feef673000 	C:\Program Files\Java\jdk-11.0.10\bin\api-ms-win-core-file-l2-1-0.dll
0x000007feef660000 - 0x000007feef663000 	C:\Program Files\Java\jdk-11.0.10\bin\api-ms-win-core-synch-l1-2-0.dll
0x000007feef650000 - 0x000007feef653000 	C:\Program Files\Java\jdk-11.0.10\bin\api-ms-win-crt-heap-l1-1-0.dll
0x000007feef640000 - 0x000007feef644000 	C:\Program Files\Java\jdk-11.0.10\bin\api-ms-win-crt-string-l1-1-0.dll
0x000007feef630000 - 0x000007feef634000 	C:\Program Files\Java\jdk-11.0.10\bin\api-ms-win-crt-stdio-l1-1-0.dll
0x000007feef620000 - 0x000007feef624000 	C:\Program Files\Java\jdk-11.0.10\bin\api-ms-win-crt-convert-l1-1-0.dll
0x000007feef610000 - 0x000007feef613000 	C:\Program Files\Java\jdk-11.0.10\bin\api-ms-win-crt-environment-l1-1-0.dll
0x000007feef600000 - 0x000007feef603000 	C:\Program Files\Java\jdk-11.0.10\bin\api-ms-win-crt-filesystem-l1-1-0.dll
0x000007feef5f0000 - 0x000007feef5f5000 	C:\Program Files\Java\jdk-11.0.10\bin\api-ms-win-crt-math-l1-1-0.dll
0x000007feef5e0000 - 0x000007feef5e3000 	C:\Program Files\Java\jdk-11.0.10\bin\api-ms-win-crt-locale-l1-1-0.dll
0x000007fefef40000 - 0x000007fefef6e000 	C:\Windows\system32\IMM32.DLL
0x000007fefeb30000 - 0x000007fefec3b000 	C:\Windows\system32\MSCTF.dll
0x000007feef540000 - 0x000007feef5db000 	C:\Program Files\Java\jdk-11.0.10\bin\msvcp140.dll
0x000007feef530000 - 0x000007feef533000 	C:\Program Files\Java\jdk-11.0.10\bin\api-ms-win-crt-time-l1-1-0.dll
0x000007feef520000 - 0x000007feef523000 	C:\Program Files\Java\jdk-11.0.10\bin\api-ms-win-crt-utility-l1-1-0.dll
0x000007feeea20000 - 0x000007feef51b000 	C:\Program Files\Java\jdk-11.0.10\bin\server\jvm.dll
0x000007fef8aa0000 - 0x000007fef8aa9000 	C:\Windows\system32\WSOCK32.dll
0x000007fefd270000 - 0x000007fefd2bd000 	C:\Windows\system32\WS2_32.dll
0x000007fefee90000 - 0x000007fefee98000 	C:\Windows\system32\NSI.dll
0x000007fefa990000 - 0x000007fefa9cb000 	C:\Windows\system32\WINMM.dll
0x0000000077500000 - 0x0000000077507000 	C:\Windows\system32\PSAPI.DLL
0x000007feeea10000 - 0x000007feeea20000 	C:\Program Files\Java\jdk-11.0.10\bin\verify.dll
0x000007feef8b0000 - 0x000007feef9d5000 	C:\Windows\system32\DBGHELP.DLL
0x000007feee9e0000 - 0x000007feeea08000 	C:\Program Files\Java\jdk-11.0.10\bin\java.dll
0x000007feee9d0000 - 0x000007feee9da000 	C:\Program Files\Java\jdk-11.0.10\bin\jimage.dll
0x000007fefa8b0000 - 0x000007fefa8be000 	C:\Program Files\Java\jdk-11.0.10\bin\instrument.dll
0x000007feee9b0000 - 0x000007feee9c6000 	C:\Program Files\Java\jdk-11.0.10\bin\zip.dll
0x000007fefd4c0000 - 0x000007fefe24b000 	C:\Windows\system32\SHELL32.dll
0x000007fefd2c0000 - 0x000007fefd4bf000 	C:\Windows\system32\ole32.dll
0x000007fefcec0000 - 0x000007fefcecf000 	C:\Windows\system32\profapi.dll
0x000007feee890000 - 0x000007feee8a9000 	C:\Program Files\Java\jdk-11.0.10\bin\net.dll
0x000007fef7350000 - 0x000007fef73c1000 	C:\Windows\system32\WINHTTP.dll
0x000007fef72e0000 - 0x000007fef7345000 	C:\Windows\system32\webio.dll
0x000007fefc630000 - 0x000007fefc685000 	C:\Windows\system32\mswsock.dll
0x000007fefc620000 - 0x000007fefc627000 	C:\Windows\System32\wship6.dll
0x000007feee870000 - 0x000007feee882000 	C:\Program Files\Java\jdk-11.0.10\bin\nio.dll
0x000007fee3f40000 - 0x000007fee3f5a000 	C:\Program Files\JetBrains\IntelliJ IDEA Community Edition 2021.2.3\bin\breakgen64.dll
0x000007fefa130000 - 0x000007fefa157000 	C:\Windows\system32\IPHLPAPI.DLL
0x000007fefa110000 - 0x000007fefa11b000 	C:\Windows\system32\WINNSI.DLL
0x000007fef9f20000 - 0x000007fef9f38000 	C:\Windows\system32\dhcpcsvc.DLL
0x000007fef9ee0000 - 0x000007fef9ef1000 	C:\Windows\system32\dhcpcsvc6.DLL
0x000007fefc4b0000 - 0x000007fefc50b000 	C:\Windows\system32\DNSAPI.dll
0x00000000714e0000 - 0x0000000071506000 	C:\Program Files\Bonjour\mdnsNSP.dll
0x000007fefc030000 - 0x000007fefc037000 	C:\Windows\System32\wshtcpip.dll
0x000007feee2c0000 - 0x000007feee2c8000 	C:\Windows\system32\rasadhlp.dll
0x000007fef9fc0000 - 0x000007fefa013000 	C:\Windows\System32\fwpuclnt.dll
0x000007feee2e0000 - 0x000007feee2e9000 	C:\Program Files\Java\jdk-11.0.10\bin\management.dll
0x000007feee2d0000 - 0x000007feee2db000 	C:\Program Files\Java\jdk-11.0.10\bin\management_ext.dll
0x000007fefb210000 - 0x000007fefb225000 	C:\Windows\system32\NLAapi.dll
0x000007feef840000 - 0x000007feef855000 	C:\Windows\system32\napinsp.dll
0x000007feef820000 - 0x000007feef839000 	C:\Windows\system32\pnrpnsp.dll
0x000007feef810000 - 0x000007feef81b000 	C:\Windows\System32\winrnr.dll
0x0000000180000000 - 0x0000000180285000 	D:\Master\apache-tomcat-8.5.55\bin\tcnative-1.dll
0x000007fefd030000 - 0x000007fefd19d000 	C:\Windows\system32\CRYPT32.dll
0x000007fefceb0000 - 0x000007fefcebf000 	C:\Windows\system32\MSASN1.dll
0x000007fefc690000 - 0x000007fefc6a8000 	C:\Windows\system32\CRYPTSP.dll
0x000007fefc390000 - 0x000007fefc3d7000 	C:\Windows\system32\rsaenh.dll
0x000007fefd000000 - 0x000007fefd01f000 	C:\Windows\system32\USERENV.dll
0x000007fefcd50000 - 0x000007fefcd5f000 	C:\Windows\system32\CRYPTBASE.dll
0x000007feeb970000 - 0x000007feeb97d000 	C:\Program Files\Java\jdk-11.0.10\bin\sunmscapi.dll
0x000007fefc860000 - 0x000007fefc8b0000 	C:\Windows\system32\ncrypt.dll
0x000007fefc830000 - 0x000007fefc852000 	C:\Windows\system32\bcrypt.dll
0x000007feeb980000 - 0x000007feeb9a5000 	C:\Program Files\Java\jdk-11.0.10\bin\sunec.dll

dbghelp: loaded successfully - version: 4.0.5 - missing functions: none
symbol engine: initialized successfully - sym options: 0x614 - pdb path: .;C:\Program Files\Java\jdk-11.0.10\bin;C:\Windows\SYSTEM32;C:\Windows\WinSxS\amd64_microsoft.windows.common-controls_6595b64144ccf1df_6.0.7601.24483_none_e372d88f30fbb845;C:\Program Files\Java\jdk-11.0.10\bin\server;C:\Program Files\JetBrains\IntelliJ IDEA Community Edition 2021.2.3\bin;C:\Program Files\Bonjour;D:\Master\apache-tomcat-8.5.55\bin

VM Arguments:
jvm_args: -javaagent:C:\Program Files\JetBrains\IntelliJ IDEA Community Edition 2021.2.3\lib\idea_rt.jar=58268:C:\Program Files\JetBrains\IntelliJ IDEA Community Edition 2021.2.3\bin -Dfile.encoding=UTF-8 
java_command: sch.binadharma.spp.SchoolPaymentApplication
java_class_path (initial): D:\Intelij-workspace\school-payment-system\target\classes;C:\Users\LENOVO\.m2\repository\org\springframework\boot\spring-boot-starter-data-jpa\2.5.0\spring-boot-starter-data-jpa-2.5.0.jar;C:\Users\LENOVO\.m2\repository\org\springframework\boot\spring-boot-starter-aop\2.5.0\spring-boot-starter-aop-2.5.0.jar;C:\Users\LENOVO\.m2\repository\org\aspectj\aspectjweaver\1.9.6\aspectjweaver-1.9.6.jar;C:\Users\LENOVO\.m2\repository\org\springframework\boot\spring-boot-starter-jdbc\2.5.0\spring-boot-starter-jdbc-2.5.0.jar;C:\Users\LENOVO\.m2\repository\com\zaxxer\HikariCP\4.0.3\HikariCP-4.0.3.jar;C:\Users\LENOVO\.m2\repository\org\springframework\spring-jdbc\5.3.7\spring-jdbc-5.3.7.jar;C:\Users\LENOVO\.m2\repository\jakarta\transaction\jakarta.transaction-api\1.3.3\jakarta.transaction-api-1.3.3.jar;C:\Users\LENOVO\.m2\repository\jakarta\persistence\jakarta.persistence-api\2.2.3\jakarta.persistence-api-2.2.3.jar;C:\Users\LENOVO\.m2\repository\org\hibernate\hibernate-core\5.4.31.Final\hibernate-core-5.4.31.Final.jar;C:\Users\LENOVO\.m2\repository\org\jboss\logging\jboss-logging\3.4.1.Final\jboss-logging-3.4.1.Final.jar;C:\Users\LENOVO\.m2\repository\org\javassist\javassist\3.27.0-GA\javassist-3.27.0-GA.jar;C:\Users\LENOVO\.m2\repository\net\bytebuddy\byte-buddy\1.10.22\byte-buddy-1.10.22.jar;C:\Users\LENOVO\.m2\repository\antlr\antlr\2.7.7\antlr-2.7.7.jar;C:\Users\LENOVO\.m2\repository\org\jboss\jandex\2.2.3.Final\jandex-2.2.3.Final.jar;C:\Users\LENOVO\.m2\repository\com\fasterxml\classmate\1.5.1\classmate-1.5.1.jar;C:\Users\LENOVO\.m2\repository\org\dom4j\dom4j\2.1.3\dom4j-2.1.3.jar;C:\Users\LENOVO\.m2\repository\org\hibernate\common\hibernate-commons-annotations\5.1.2.Final\hibernate-commons-annotations-5.1.2.Final.jar;C:\Users\LENOVO\.m2\repository\org\glassfish\jaxb\jaxb-runtime\2.3.4\jaxb-runtime-2.3.4.jar;C:\Users\LENOVO\.m2\repository\org\glassfish\jaxb\txw2\2.3.4\txw2-2.3.4.jar;C:\Users\LENOVO\.m2\repository\com\sun\istack\istack-commons-runt
Launcher Type: SUN_STANDARD

[Global flags]
     intx CICompilerCount                          = 3                                         {product} {ergonomic}
     uint ConcGCThreads                            = 1                                         {product} {ergonomic}
     uint G1ConcRefinementThreads                  = 4                                         {product} {ergonomic}
   size_t G1HeapRegionSize                         = 1048576                                   {product} {ergonomic}
    uintx GCDrainStackTargetSize                   = 64                                        {product} {ergonomic}
   size_t InitialHeapSize                          = 67108864                                  {product} {ergonomic}
   size_t MarkStackSize                            = 4194304                                   {product} {ergonomic}
   size_t MaxHeapSize                              = 1044381696                                {product} {ergonomic}
   size_t MaxNewSize                               = 625999872                                 {product} {ergonomic}
   size_t MinHeapDeltaBytes                        = 1048576                                   {product} {ergonomic}
    uintx NonNMethodCodeHeapSize                   = 5830732                                {pd product} {ergonomic}
    uintx NonProfiledCodeHeapSize                  = 122913754                              {pd product} {ergonomic}
    uintx ProfiledCodeHeapSize                     = 122913754                              {pd product} {ergonomic}
    uintx ReservedCodeCacheSize                    = 251658240                              {pd product} {ergonomic}
     bool SegmentedCodeCache                       = true                                      {product} {ergonomic}
     bool UseCompressedClassPointers               = true                                 {lp64_product} {ergonomic}
     bool UseCompressedOops                        = true                                 {lp64_product} {ergonomic}
     bool UseG1GC                                  = true                                      {product} {ergonomic}
     bool UseLargePagesIndividualAllocation        = false                                  {pd product} {ergonomic}

Logging:
Log output configuration:
 #0: stdout all=warning uptime,level,tags
 #1: stderr all=off uptime,level,tags

Environment Variables:
JAVA_HOME=C:\Program Files\Java\jdk-11.0.10
JRE_HOME=C:\Program Files\Java\jre1.8.0_251
CLASSPATH=D:\Master\apache-tomcat-8.5.55\lib\mysql-connector.jar;D:\Master\glassfish5\glassfish\modules\javax.jms-api.jar
PATH=C:\Program Files\Common Files\Oracle\Java\javapath;C:\Program Files (x86)\Common Files\Oracle\Java\javapath;C:\Windows\system32;C:\Windows;C:\Windows\System32\Wbem;C:\Windows\System32\WindowsPowerShell\v1.0\;C:\Program Files (x86)\Windows Live\Shared;C:\xampp\php;C:\ProgramData\ComposerSetup\bin;C:\Program Files\nodejs\;C:\Program Files\Common Files\Oracle\Java\javapath;C:\Program Files (x86)\Common Files\Oracle\Java\javapath;C:\Windows\system32;C:\Windows;C:\Windows\System32\Wbem;C:\Windows\System32\WindowsPowerShell\v1.0\;C:\Program Files (x86)\Windows Live\Shared;C:\xampp\php;C:\ProgramData\ComposerSetup\bin;C:\Program Files\nodejs\;C:\Program Files\Common Files\Oracle\Java\javapath;C:\Program Files (x86)\Common Files\Oracle\Java\javapath;C:\Windows\system32;C:\Windows;C:\Windows\System32\Wbem;C:\Windows\System32\WindowsPowerShell\v1.0\;C:\Program Files (x86)\Windows Live\Shared;C:\xampp\php;C:\ProgramData\ComposerSetup\bin;C:\Program Files\nodejs\;C:\Windows\System32;D:\Master\apache-tomcat-8.5.55\bin;D:\Master\apache-tomcat-8.5.55\lib\mysql-connector.jar;D:\Master\glassfish5\glassfish\modules\javax.jms-api.jar\servlet-api.jar;D:\Master\glassfish5\bin;D:\Master\apache-maven-3.6.3\bin;C:\Windows\System32;C:\Program Files\Git\cmd;D:\Master\kubectl;C:\Program Files\Kubernetes\Minikube;C:\Program Files\Git\usr\bin;C:\Program Files\Docker Toolbox;C:\Program Files\Java\jdk-11.0.10\bin;D:\Master\apache-tomcat-8.5.55\bin;D:\Master\apache-tomcat-8.5.55\lib\mysql-connector.jar;D:\Master\glassfish5\glassfish\modules\javax.jms-api.jar\servlet-api.jar;D:\Master\glassfish5\bin;D:\Master\apache-maven-3.6.3\bin;C:\Program Files\Common Files\Oracle\Java\javapath;C:\Program Files (x86)\Common Files\Oracle\Java\javapath;C:\Windows\system32;C:\Windows;C:\Windows\System32\Wbem;C:\Windows\System32\WindowsPowerShell\v1.0\;C:\Program Files (x86)\Windows Live\Shared;C:\xampp\php;C:\ProgramData\ComposerSetup\bin;C:\Program Files\nodejs\;C:\Windows\System32;D:\Master\apache-tomcat-8.5.5
USERNAME=LENOVO
OS=Windows_NT
PROCESSOR_IDENTIFIER=Intel64 Family 6 Model 42 Stepping 7, GenuineIntel



---------------  S Y S T E M  ---------------

OS: Windows 7 , 64 bit Build 7601 (6.1.7601.24524)

CPU:total 4 (initial active 4) (2 cores per cpu, 2 threads per core) family 6 model 42 stepping 7 microcode 0x0, cmov, cx8, fxsr, mmx, sse, sse2, sse3, ssse3, sse4.1, sse4.2, popcnt, avx, aes, clmul, ht, tsc, tscinvbit

Memory: 4k page, system-wide physical 3983M (429M free)
TotalPageFile size 8694M (AvailPageFile size 914M)
current process WorkingSet (physical memory assigned to process): 294M, peak: 325M
current process commit charge ("private bytes"): 331M, peak: 368M

vm_info: Java HotSpot(TM) 64-Bit Server VM (11.0.10+8-LTS-162) for windows-amd64 JRE (11.0.10+8-LTS-162), built on Dec  8 2020 16:32:57 by "mach5one" with MS VC++ 15.9 (VS2017)

END.
